timestamp_seconds,trial_1_pitch_deg,trial_2_pitch_deg,trial_3_pitch_deg
0.0,0.2,0.2,0.2
0.01,0.52795,0.22279,0.96472
0.02,0.31755,1.02399,0.40999
0.03,0.50528,0.65053,0.16983
0.04,0.90834,0.22584,0.04114
0.05,0.97216,0.48539,0.82294
0.06,0.75761,0.44056,0.27688
0.07,0.37815,0.22659,0.36053
0.08,-0.09928,0.40536,0.68693
0.09,0.22693,0.87265,0.57582
0.1,0.49508,0.05292,0.86429
0.11,0.4425,0.01741,0.31239
0.12,0.1227,0.44813,0.52321
0.13,-0.27536,0.08286,0.36481
0.14,0.05342,-0.17378,0.00608
0.15,0.61132,0.39344,0.53877
0.16,-0.30544,0.08397,0.40189
0.17,0.2922,-0.04992,-0.17419
0.18,-0.15895,0.44754,-0.10413
0.19,-0.43836,0.38184,-0.37665
0.2,-0.051,0.30444,0.21536
0.21,-0.19282,-0.215,-0.11922
0.22,0.04265,-0.36959,0.05993
0.23,-0.12561,0.00038,-0.18049
0.24,0.15884,-0.21047,-0.51344
0.25,0.13553,-0.28969,-0.28203
0.26,0.77259,-0.10803,-0.78449
0.27,0.42442,-0.33397,-0.42231
0.28,0.18588,-0.54683,-1.24183
0.29,0.30033,-0.51878,-1.21648
0.3,0.33871,0.2252,-1.05169
0.31,0.3582,-0.15813,-0.52791
0.32,-0.42057,0.16367,-0.85704
0.33,-0.00799,-0.47423,-0.7173
0.34,-0.5931,-0.27273,-0.55974
0.35,-0.07952,-0.44032,-0.10073
0.36,-0.58797,-0.35823,0.35864
0.37,-0.19454,0.33473,0.50141
0.38,0.31726,0.6269,0.50765
0.39,0.24993,0.09319,-0.05112
0.4,-0.71415,0.22514,0.02538
0.41,-0.01648,0.47312,-0.58958
0.42,0.11141,0.10404,-0.32537
0.43,-0.28291,-0.30354,0.20234
0.44,-0.68256,-0.05024,0.60038
0.45,-0.31632,-0.08678,-0.03771
0.46,0.26591,-0.3715,-0.25638
0.47,-0.2851,-0.18796,-0.00631
0.48,-0.42933,0.19373,-0.10231
0.49,-0.6823,0.62939,0.0898
0.5,0.26323,0.31729,0.08918
0.51,-0.11055,-0.34575,0.3333
0.52,-0.07942,0.05965,0.48969
0.53,0.20593,-0.23824,0.56017
0.54,0.26052,-0.05804,0.5794
0.55,0.55451,-0.12055,-0.24137
0.56,0.34573,0.38308,0.47235
0.57,0.41272,-0.11675,0.55282
0.58,0.23484,0.26814,-0.09638
0.59,0.57888,0.19682,0.53491
0.6,0.11325,-0.25276,0.59884
0.61,-0.31904,0.04009,0.17519
0.62,0.33476,-0.62405,-0.3642
0.63,-0.59549,-0.35369,0.06817
0.64,-0.30628,-0.29956,0.36797
0.65,0.29298,0.22979,0.36049
0.66,-0.20985,0.47427,0.01507
0.67,-0.15115,0.23835,-0.51751
0.68,-0.39392,-0.07944,-0.49408
0.69,0.49731,0.08711,-0.37743
0.7,0.72953,0.13116,0.02952
0.71,0.08542,0.2964,-0.00161
0.72,0.31471,-0.68539,-0.06453
0.73,-0.5025,-0.56283,0.40865
0.74,-0.06934,0.19158,0.2381
0.75,0.12971,-0.0735,-0.1353
0.76,0.19224,0.12256,0.10368
0.77,0.28533,0.26532,0.13714
0.78,-0.53916,-0.29385,-0.42161
0.79,0.24757,0.22353,0.01919
0.8,0.14054,0.19481,-0.30451
0.81,0.14759,-0.14857,-0.35514
0.82,-0.19952,-0.20526,-0.58064
0.83,0.07668,-0.03427,-0.60287
0.84,-0.22866,-0.16937,0.43503
0.85,0.39421,0.04392,-0.29146
0.86,0.23035,0.2669,0.26558
0.87,-0.2298,0.45715,0.31437
0.88,0.19118,-0.40458,0.01148
0.89,0.53116,-0.55408,-0.3282
0.9,0.33776,0.18579,0.02647
0.91,-0.20956,-0.39882,-0.06113
0.92,-0.09716,0.34171,0.40994
0.93,0.29107,-0.42223,-0.04479
0.94,0.36768,0.00283,0.14286
0.95,-0.49302,-0.54394,0.01456
0.96,0.23922,-0.62555,-0.17337
0.97,-0.5236,0.07272,-0.52866
0.98,0.212,0.72079,-0.54521
0.99,-0.37327,0.54859,0.30524
1.0,-0.48422,0.37545,0.03041
1.01,0.5893,0.24208,-0.38481
1.02,0.34963,0.48834,-0.38823
1.03,0.27358,0.05477,-0.09571
1.04,-0.26314,-0.811,-0.04899
1.05,-0.13095,-0.37562,0.37801
1.06,-0.20009,-0.48977,-0.39979
1.07,-0.23032,0.18339,0.2925
1.08,0.33377,0.6318,-0.14494
1.09,-0.13861,0.34676,0.1245
1.1,-0.06301,-0.26579,0.61678
1.11,-0.45518,-0.29095,0.11904
1.12,0.43427,0.29301,0.63072
1.13,0.25263,-0.2133,0.31103
1.14,-0.31304,0.08105,-0.226
1.15,-0.26566,-0.19336,-0.44222
1.16,-0.1646,0.50911,0.34037
1.17,0.09896,0.32715,0.26609
1.18,0.3947,0.1698,-0.12163
1.19,0.01594,-0.06914,0.41704
1.2,-0.60085,0.11582,-0.08712
1.21,-0.03332,-0.40407,-0.40493
1.22,-0.61777,-0.19515,0.01639
1.23,0.04589,0.43431,-0.34646
1.24,0.42994,-0.29452,0.05502
1.25,0.46246,0.10763,0.68694
1.26,-0.52236,-0.04416,0.26224
1.27,-0.26863,0.01462,0.02624
1.28,-0.19587,0.06633,0.0194
1.29,-0.15295,0.16177,0.28222
1.3,-0.05056,0.08428,-0.2693
1.31,0.14101,0.38741,-0.01625
1.32,-0.04367,-0.14097,-0.51378
1.33,0.31876,-0.26544,-0.50414
1.34,0.45993,0.32144,-0.05007
1.35,-0.08007,0.62175,-0.46857
1.36,-0.24178,0.00283,-0.26572
1.37,0.20789,-0.11622,-0.30188
1.38,0.14296,0.05833,0.38769
1.39,0.27336,-0.15784,-0.0612
1.4,0.16349,-0.26156,-0.11343
1.41,0.01366,-0.52459,0.69025
1.42,0.17733,-0.35773,-0.08314
1.43,0.07485,0.65532,0.43629
1.44,-0.58085,0.29358,-0.5395
1.45,0.15513,0.34562,-0.27255
1.46,0.2035,-0.29999,0.18216
1.47,-0.3055,-0.40776,0.36845
1.48,0.10037,0.48614,0.26678
1.49,0.60103,0.08103,-0.48556
1.5,0.7736,-0.05826,-0.54509
1.51,0.3522,0.3614,-0.49306
1.52,0.35208,0.6472,-0.87518
1.53,0.1681,-0.17146,-0.00044
1.54,0.45122,-0.17982,-0.64074
1.55,0.1757,-0.35338,0.21587
1.56,-0.20474,-0.45748,0.37921
1.57,-0.09843,0.38323,0.31356
1.58,-0.11604,0.12387,-0.28185
1.59,-0.19977,0.26189,-0.87038
1.6,0.3111,0.33869,-0.07045
1.61,0.0057,-0.21378,0.27672
1.62,-0.32499,0.19616,-0.01897
1.63,0.0086,0.29551,-0.0992
1.64,0.19364,0.13764,0.04139
1.65,0.28124,0.22583,0.04691
1.66,-0.28105,0.31025,-0.56973
1.67,-0.81213,-0.4257,-0.19519
1.68,-0.23453,-0.62736,0.61526
1.69,-0.25736,-0.40964,0.72543
1.7,-0.79977,-0.28106,-0.1354
1.71,-0.68467,0.49489,0.24953
1.72,0.34482,0.15578,0.26347
1.73,-0.01843,0.24128,0.46824
1.74,-0.20907,0.4403,0.52588
1.75,-0.00603,-0.19319,0.02492
1.76,0.0375,-0.42601,-0.46806
1.77,0.3057,-0.1954,-0.05329
1.78,0.67817,0.45539,-0.02863
1.79,0.48435,0.55565,0.02921
1.8,-0.27375,0.47806,-0.33737
1.81,0.11154,0.4502,-0.21038
1.82,-0.22975,-0.06518,0.08585
1.83,-0.33332,-0.66113,0.77524
1.84,-0.54502,0.15742,0.15239
1.85,-0.71416,-0.4444,0.72841
1.86,0.21031,-0.5003,0.78783
1.87,-0.1769,0.30048,0.20948
1.88,-0.40791,-0.44901,0.33718
1.89,0.14346,-0.40217,0.5831
1.9,-0.40936,-0.31105,0.3871
1.91,-0.24758,-0.17745,0.55475
1.92,-0.11389,0.11085,0.40667
1.93,0.56905,-0.12397,0.47557
1.94,0.58806,-0.37609,-0.22484
1.95,-0.08719,-0.01842,0.03179
1.96,0.2688,0.86975,-0.16266
1.97,0.3523,0.44762,0.02445
1.98,-0.08859,0.22213,0.27703
1.99,0.27993,0.17997,-0.3002
2.0,-0.58244,0.59214,-0.41528
2.01,-0.05485,0.42583,-0.0015
2.02,-0.00077,-0.49288,-0.72802
2.03,0.11079,-0.12887,-0.06711
2.04,-0.50882,0.25851,-0.33442
2.05,0.02687,0.15011,-0.42969
2.06,0.54452,-0.40616,-0.10599
2.07,0.29318,0.28854,0.20662
2.08,0.27522,0.44636,0.52784
2.09,-0.2249,-0.03413,0.15848
2.1,0.61321,-0.45668,-0.44159
2.11,0.34327,0.15457,-0.14388
2.12,-0.19392,0.4132,-0.03796
2.13,-0.16902,-0.08863,-0.0441
2.14,-0.40125,-0.21995,0.36802
2.15,-0.25822,0.15869,0.51045
2.16,-0.08394,-0.16479,0.38032
2.17,0.76947,-0.4166,-0.65942
2.18,0.19215,-0.4792,-0.70366
2.19,0.53548,0.32216,-0.54782
2.2,0.60792,-0.22407,0.15549
2.21,-0.2488,-0.02385,-0.26601
2.22,0.01641,-0.07296,-0.79979
2.23,0.03107,-0.04296,-0.50537
2.24,0.33128,0.1208,-0.32414
2.25,-0.21142,-0.54012,-0.23365
2.26,0.17364,-0.58992,0.24022
2.27,0.14674,-0.08458,-0.28927
2.28,-0.1828,0.51061,0.42181
2.29,-0.3222,0.29676,0.40788
2.3,-0.47311,-0.00641,0.46876
2.31,-0.44607,0.14867,-0.01174
2.32,-0.31057,-0.15687,-0.00333
2.33,-0.45982,-0.59608,-0.29906
2.34,-0.28256,-0.32746,-0.22006
2.35,-0.44495,0.09198,0.03992
2.36,0.38467,-0.02131,-0.43855
2.37,0.564,0.45202,0.19242
2.38,0.64228,0.53716,-0.0544
2.39,-0.3071,-0.13736,0.15751
2.4,0.35944,-0.58278,0.10513
2.41,0.00601,-0.56794,-0.45193
2.42,-0.29826,0.36633,-0.67536
2.43,0.05233,0.48752,-0.31114
2.44,0.09644,-0.07744,-0.35405
2.45,-0.65984,0.29626,0.38624
2.46,-0.27852,0.53163,0.36629
2.47,0.29498,-0.07933,-0.1726
2.48,-0.4105,0.36761,-0.31851
2.49,-0.52075,-0.21924,-0.2066
2.5,-0.55532,0.22,0.26949
2.51,-0.35758,0.00622,0.45544
2.52,0.07109,0.22582,0.05011
2.53,0.29744,-0.47302,0.08383
2.54,0.44179,-0.04782,0.25163
2.55,0.71976,0.40195,0.43733
2.56,0.35407,0.23903,-0.16976
2.57,0.26491,0.48837,0.62867
2.58,0.5009,-0.35008,0.37076
2.59,0.52427,0.4384,0.40868
2.6,-0.0554,-0.04004,0.41299
2.61,0.59909,-0.31277,0.05965
2.62,0.62234,0.04157,0.12314
2.63,-0.05181,0.10538,0.10345
2.64,-0.49092,-0.1636,-0.09594
2.65,0.12711,-0.08812,-0.04298
2.66,-0.35613,0.43454,-0.05877
2.67,-0.09971,0.2121,-0.22418
2.68,-0.48347,0.48273,-0.88197
2.69,-0.50164,0.50967,-0.81556
2.7,-0.30221,-0.22803,-0.45155
2.71,-0.58353,-0.43797,-0.34346
2.72,-0.36878,0.24189,-0.02517
2.73,-0.20834,0.49357,-0.63796
2.74,-0.40015,0.33246,0.44747
2.75,-0.26064,0.11094,0.54097
2.76,0.57721,-0.60262,0.04995
2.77,1.05457,-0.39644,0.167
2.78,0.01466,-0.08301,-0.07457
2.79,0.48569,-0.16265,0.0206
2.8,-0.0954,-0.18032,0.25625
2.81,-0.1805,0.08828,0.19607
2.82,-0.08246,0.57315,-0.14
2.83,0.07812,-0.35489,-0.18091
2.84,-0.2445,-0.69047,-0.53171
2.85,-0.41987,-0.70601,-0.30422
2.86,0.28491,-0.12069,0.40028
2.87,0.28118,0.21665,0.55373
2.88,0.47538,0.00311,-0.53308
2.89,-0.05616,0.35127,-0.71761
2.9,-0.63046,-0.13771,-0.56211
2.91,0.02825,-0.29682,0.02826
2.92,0.05792,-0.28289,0.19928
2.93,-0.08655,0.4176,0.44405
2.94,0.47696,-0.233,0.31417
2.95,0.49077,-0.49922,-0.42405
2.96,-0.08291,-0.15273,-0.32482
2.97,-0.04645,-0.44549,-0.23686
2.98,0.16285,-0.15528,0.35196
2.99,-0.08401,0.19066,-0.36987
3.0,-0.30171,-0.1992,0.30398
3.01,-0.34688,0.61532,-0.08103
3.02,-0.24731,0.9478,-0.41751
3.03,-0.42471,-0.05066,0.33063
3.04,0.07649,0.40421,0.26706
3.05,0.73522,0.442,0.22316
3.06,0.3925,0.20976,-0.20338
3.07,0.64091,0.07083,0.72485
3.08,0.29708,-0.52164,0.69885
3.09,-0.20967,-0.58083,0.73857
3.1,-0.31578,-0.35937,0.25784
3.11,-0.22044,0.09633,-0.1181
3.12,-0.1556,0.25435,0.17513
3.13,-0.49094,0.5081,-0.2937
3.14,-0.36433,0.38463,-0.64994
3.15,0.44062,0.22459,0.02447
3.16,0.00135,0.04322,0.1647
3.17,-0.78949,-0.80961,0.17118
3.18,-0.16236,-0.52072,0.36167
3.19,0.28696,-0.3816,0.16998
3.2,-0.05451,-0.47891,-0.27664
3.21,0.23516,0.32311,-0.93238
3.22,-0.43737,0.32088,-0.44973
3.23,-0.115,0.35324,-0.39014
3.24,0.12143,0.08859,-0.89441
3.25,-0.11014,-0.26495,-0.29645
3.26,0.02812,0.42956,-0.27598
3.27,0.03964,-0.34561,0.20458
3.28,-0.56445,0.2295,0.79065
3.29,-0.55587,-0.15867,0.52444
3.3,-0.16626,-0.09067,0.0072
3.31,0.20916,-0.23407,-0.36294
3.32,-0.13781,-0.62547,0.37718
3.33,0.48815,0.36404,0.01985
3.34,0.32272,-0.23505,0.20138
3.35,-0.46456,0.44417,-0.63395
3.36,0.13665,0.14056,-0.92767
3.37,0.16639,-0.15067,-0.23237
3.38,0.30092,0.42327,-0.08789
3.39,0.30887,-0.03609,0.09359
3.4,0.41872,0.33387,0.15562
3.41,-0.41293,-0.31117,-0.79926
3.42,0.11618,-0.15264,0.03888
3.43,-0.52756,0.0687,-0.12871
3.44,-0.08062,0.32902,0.26946
3.45,-0.13786,0.02696,0.49935
3.46,0.04422,-0.47992,0.11248
3.47,-0.65936,-0.16278,-0.39254
3.48,-0.33355,-0.03815,-0.27581
3.49,-0.01808,-0.34923,0.38639
3.5,0.07402,-0.1728,0.41866
3.51,0.1625,0.44498,-0.01641
3.52,-0.36518,0.51396,-0.02564
3.53,-0.16279,-0.28054,0.72333
3.54,0.09055,0.06381,0.81207
3.55,0.05646,0.12501,0.77691
3.56,0.34263,-0.18139,0.18243
3.57,0.52881,-0.08917,-0.20321
3.58,-0.12498,-0.03143,-0.3302
3.59,-0.09474,0.26024,0.31859
3.6,-0.5143,-0.5833,-0.23567
3.61,0.06453,0.37469,-0.0497
3.62,0.92234,0.04925,0.08174
3.63,0.04549,0.75033,-0.28252
3.64,0.59355,0.50456,0.76153
3.65,0.31064,0.46039,0.62013
3.66,-0.25088,0.05136,0.17033
3.67,-0.3586,-0.2953,0.17938
3.68,0.61383,0.45914,0.65097
3.69,0.24427,-0.42511,0.7176
3.7,-0.06144,-0.56044,0.65949
3.71,-0.2377,0.56675,-0.04787
3.72,0.15295,0.40607,0.52328
3.73,-0.11978,0.31332,0.18317
3.74,-0.42445,-0.2144,-0.06382
3.75,-0.06816,-0.36227,-0.66679
3.76,0.22484,-0.11441,-0.04066
3.77,-0.5697,0.32969,-0.38274
3.78,-0.12205,0.09972,-0.44653
3.79,0.35116,0.4931,-0.76919
3.8,-0.35805,0.09233,-0.69466
3.81,-0.1725,-0.20352,-0.01902
3.82,0.23039,-0.08887,-0.54022
3.83,-0.03325,-0.39353,-0.22281
3.84,0.13114,0.29592,-0.10703
3.85,-0.25721,-0.38525,0.00518
3.86,-0.22054,-0.1133,-0.60585
3.87,0.04276,-0.29727,-0.49246
3.88,-0.01193,-0.60632,0.33864
3.89,0.11964,0.04793,0.38021
3.9,0.76556,0.00323,-0.30421
3.91,0.15625,-0.5472,0.39359
3.92,0.22109,-0.74834,-0.4671
3.93,0.07894,0.30827,0.09434
3.94,0.13618,0.0063,-0.47968
3.95,0.21353,-0.35959,-0.06682
3.96,-0.2779,-0.68417,-0.3322
3.97,0.2547,0.16502,0.42601
3.98,0.47519,-0.18898,0.32665
3.99,-0.11716,-0.01508,-0.19339
4.0,0.39679,0.37484,0.44727
4.01,0.33454,-0.60247,-0.22743
4.02,-0.0507,-0.03665,0.24864
4.03,-0.65651,0.02997,0.4714
4.04,-0.88425,-0.40902,-0.01664
4.05,-0.00814,0.38447,0.01027
4.06,-0.06237,-0.07908,-0.53133
4.07,-0.45836,-0.13405,-0.34844
4.08,0.41423,0.43108,0.78449
4.09,0.42234,0.4031,0.55286
4.1,0.05022,0.56877,-0.16172
4.11,-0.22169,-0.08133,0.34703
4.12,0.15226,0.05381,0.71644
4.13,0.04584,-0.24512,0.04113
4.14,-0.12139,0.29597,0.36134
4.15,0.06167,0.09449,0.13542
4.16,-0.03804,-0.07459,0.49219
4.17,-0.04556,0.03216,-0.4642
4.18,-0.0311,-0.38488,-0.95612
4.19,0.00839,0.32983,-0.46514
4.2,-0.12634,-0.32597,-0.41583
4.21,0.55063,0.24249,0.53187
4.22,-0.40727,-0.26123,0.806
4.23,0.31269,0.1424,0.08633
4.24,0.12879,-0.53308,0.40385
4.25,0.07938,-0.46026,-0.16332
4.26,0.08655,0.53063,-0.2994
4.27,0.18808,0.076,0.39596
4.28,0.07311,-0.1852,0.57233
4.29,-0.43752,-0.39073,0.37381
4.3,-0.59365,-0.13828,0.32605
4.31,0.01901,0.41281,-0.6297
4.32,-0.27474,0.42801,-0.01887
4.33,-0.01382,-0.16069,0.19112
4.34,0.22365,-0.02912,-0.18256
4.35,-0.02968,0.23633,0.19316
4.36,-0.50351,-0.16937,-0.05363
4.37,-0.56937,-0.04674,-0.89238
4.38,-0.55529,-0.27924,-0.17614
4.39,0.02196,-0.09605,0.16277
4.4,0.24442,-0.39453,-0.69993
4.41,0.06518,0.44761,-0.40616
4.42,-0.31045,-0.29701,-0.47389
4.43,-0.78451,0.05326,0.29982
4.44,-0.13513,0.10186,0.37643
4.45,0.25115,0.73803,0.32897
4.46,0.57596,0.56084,0.25376
4.47,0.02724,0.22758,-0.02282
4.48,0.11551,0.24278,-0.66604
4.49,-0.32992,0.52215,0.32626
4.5,-0.51966,-0.05361,0.47595
4.51,0.33753,-0.1499,-0.08615
4.52,-0.43326,0.26471,-0.06555
4.53,-0.38825,-0.07198,-0.39235
4.54,0.35264,0.60318,-0.8758
4.55,0.23268,0.14587,-0.63792
4.56,0.39494,-0.52265,0.20831
4.57,0.12056,0.1141,0.00861
4.58,-0.16647,-0.48543,-0.91186
4.59,0.06889,-0.04992,-0.68895
4.6,0.33669,-0.00105,-0.76477
4.61,-0.00789,0.13468,-0.16425
4.62,-0.06255,0.1568,-0.35115
4.63,0.1663,-0.19458,-0.54419
4.64,-0.20792,0.16966,0.21537
4.65,-0.09622,0.35276,-0.19947
4.66,0.08124,-0.15149,-0.12595
4.67,0.57704,0.43501,0.27196
4.68,0.58818,-0.35278,0.30453
4.69,-0.39759,0.14151,0.22078
4.7,-0.44791,-0.5982,0.74454
4.71,0.09492,-0.76479,1.21334
4.72,-0.12701,-0.38187,0.85496
4.73,0.76574,0.39372,-0.04103
4.74,0.16658,-0.26039,0.03426
4.75,0.49133,-0.39758,-0.03934
4.76,0.47582,0.34255,0.47279
4.77,0.25742,0.27059,0.58061
4.78,-0.05067,-0.37234,0.49048
4.79,-0.10421,-0.10026,0.71356
4.8,0.03124,-0.16505,0.11458
4.81,0.48887,0.16124,-0.18558
4.82,0.00876,0.22275,-0.12688
4.83,0.24861,0.08855,0.10954
4.84,0.12168,0.83722,0.78294
4.85,0.19956,0.71761,0.40179
4.86,-0.14192,0.50984,0.34347
4.87,-0.4658,0.18034,0.8179
4.88,0.3872,-0.43155,-0.28575
4.89,0.331,-0.07058,-0.18509
4.9,0.60645,-0.62379,0.01129
4.91,-0.08442,-0.09657,0.05728
4.92,0.39929,-0.60978,-0.09658
4.93,-0.2964,-0.04718,0.40712
4.94,0.22181,-0.41942,0.63963
4.95,-0.3748,0.19269,0.69597
4.96,-0.34642,0.06972,-0.24818
4.97,-0.32069,-0.19358,-0.09273
4.98,-0.13126,-0.42336,-0.54162
4.99,0.24887,-0.58895,-0.64776
5.0,0.0148,-0.20549,0.22912
5.01,0.01471,0.08386,-0.06582
5.02,-0.29723,0.47875,-0.138
5.03,-0.08699,0.12315,-0.51973
5.04,0.08478,-0.66454,-0.79758
5.05,0.41058,-0.28864,-0.63424
5.06,0.21742,-0.20091,0.05918
5.07,0.43127,0.55239,0.12093
5.08,-0.32398,0.43439,-0.55575
5.09,0.09912,-0.45525,0.1439
5.1,0.34139,-0.04672,-0.50295
5.11,-0.43788,0.14321,-0.0859
5.12,-0.22855,0.23464,-0.041
5.13,-0.05657,0.33096,-0.01655
5.14,-0.42101,-0.42685,-0.73771
5.15,0.26309,0.30636,-0.64979
5.16,0.18835,-0.14406,-0.18237
5.17,0.00535,0.55375,-0.09201
5.18,-0.10634,0.57592,0.30741
5.19,0.56168,-0.39629,0.17708
5.2,0.18703,0.14654,0.14179
5.21,0.21027,-0.24781,0.21653
5.22,0.00862,0.05849,0.26271
5.23,-0.27103,0.00622,-0.64301
5.24,-0.44781,0.31722,-0.34502
5.25,-0.44686,-0.33939,-0.37233
5.26,-0.58911,-0.08942,0.14454
5.27,-0.1123,0.02709,0.42594
5.28,-0.37896,0.22981,-0.45624
5.29,0.33874,0.23924,0.19462
5.3,0.29209,-0.34235,-0.25566
5.31,-0.17711,-0.28514,0.06538
5.32,-0.02381,0.35438,-0.20174
5.33,0.13829,-0.21704,0.09783
5.34,-0.88291,-0.0082,0.48264
5.35,-0.192,-0.26436,0.5332
5.36,-0.7469,0.12297,-0.12479
5.37,-0.07553,0.13618,-0.13219
5.38,-0.57528,0.00437,0.27125
5.39,0.49899,0.48176,-0.49765
5.4,0.5476,0.05208,-0.55125
5.41,-0.42395,-0.17203,0.29563
5.42,0.31713,0.4814,0.25385
5.43,-0.43672,-0.11225,-0.26116
5.44,-0.12722,0.03336,-0.03913
5.45,0.19752,0.37999,-0.65357
5.46,-0.17788,-0.33771,-0.01841
5.47,-0.06124,-0.22291,-0.52859
5.48,-0.20068,-0.16738,0.22235
5.49,0.37834,-0.11552,0.26081
5.5,-0.18692,-0.47856,0.35681
5.51,-0.66672,0.22125,0.2493
5.52,0.10193,-0.04359,0.11857
5.53,0.37461,-0.27138,0.4038
5.54,-0.06598,-0.56057,-0.47738
5.55,0.2856,0.02096,-0.55994
5.56,0.77344,0.55583,-0.00727
5.57,0.47368,0.169,0.63167
5.58,0.14762,-0.29861,0.2845
5.59,0.1688,0.22427,-0.08231
5.6,0.14708,0.55239,0.23795
5.61,0.55798,-0.12632,0.28778
5.62,0.09689,-0.63139,0.1639
5.63,-0.33878,0.22478,0.60665
5.64,0.43434,0.18685,0.65942
5.65,0.23377,0.21135,-0.04653
5.66,0.03414,0.15557,-0.12922
5.67,-0.09333,0.31982,0.33256
5.68,0.33682,-0.45969,0.8329
5.69,-0.10037,0.36052,0.37525
5.7,-0.35907,-0.1802,-0.47149
5.71,0.44781,-0.10511,0.09834
5.72,-0.3578,0.19397,0.26697
5.73,0.17361,-0.04215,-0.17317
5.74,-0.18137,-0.20312,0.24152
5.75,-0.4243,0.32838,-0.57838
5.76,0.3369,0.26724,0.23949
5.77,0.27435,-0.33313,-0.35934
5.78,-0.3658,0.55916,-0.26205
5.79,-0.64373,-0.01399,-0.18058
5.8,0.17208,0.138,-0.18436
5.81,-0.23195,0.21335,0.22094
5.82,0.5109,-0.03503,0.28315
5.83,0.2625,0.07931,-0.35384
5.84,-0.06575,0.74423,-0.29257
5.85,-0.62352,0.68292,-0.2262
5.86,-0.20421,0.02787,-0.569
5.87,-0.15127,-0.40049,0.04562
5.88,-0.31803,-0.08226,0.15562
5.89,-0.58572,0.17285,-0.05314
5.9,-0.41369,-0.41139,0.28318
5.91,-0.38094,-0.06465,-0.19424
5.92,0.14763,0.28149,-0.4393
5.93,0.29126,0.62903,-0.51861
5.94,-0.55382,0.1299,-0.10481
5.95,-0.77563,0.39117,0.33507
5.96,-0.47289,0.14956,0.24504
5.97,0.06384,-0.75566,-0.17467
5.98,0.34774,-0.43179,-0.15423
5.99,0.09999,-0.73847,0.4811
6.0,-0.11479,-0.35039,0.27063
6.01,-0.36737,0.09334,0.10242
6.02,-0.53437,-0.15716,0.13859
6.03,-0.04783,0.4132,0.58801
6.04,0.22235,0.36412,-0.13495
6.05,-0.01236,0.11148,-0.05366
6.06,-0.14514,0.11972,0.12318
6.07,-0.15866,0.116,-0.50875
6.08,0.23592,-0.26695,0.09704
6.09,0.04706,-0.84943,0.02809
6.1,0.55003,0.05431,-0.06411
6.11,0.30021,0.38638,-0.59225
6.12,-0.14681,-0.02033,0.2379
6.13,0.27011,0.23703,0.10594
6.14,0.41504,0.23154,-0.37111
6.15,0.37064,-0.11252,0.01603
6.16,0.22806,-0.6637,-0.21059
6.17,-0.10647,-0.48612,0.35347
6.18,0.42448,-0.29705,0.42175
6.19,0.00826,0.02942,0.24094
6.2,0.28375,-0.67896,-0.24641
6.21,0.2143,-0.43129,-0.76357
6.22,-0.44458,-0.34018,-0.05564
6.23,-0.23928,-0.15885,0.04521
6.24,-0.07325,0.0982,-0.18142
6.25,-0.07573,0.00188,0.04117
6.26,-0.1596,-0.13108,-0.57325
6.27,-0.0062,0.04159,-0.63574
6.28,-0.31787,0.39832,0.24677
6.29,-0.34187,0.06856,-0.23629
6.3,-0.15199,-0.10816,0.75887
6.31,-0.16789,0.82403,0.25159
6.32,0.68318,0.62288,0.02442
6.33,0.68437,0.08379,0.11345
6.34,0.28726,0.36882,-0.34999
6.35,0.00237,-0.1648,0.25792
6.36,0.57768,-0.49792,-0.2812
6.37,0.5412,0.08316,0.1224
6.38,-0.23907,0.50603,0.02835
6.39,-0.44565,0.0393,0.29543
6.4,-0.16282,-0.30454,0.28425
6.41,-0.21955,0.46332,-0.20395
6.42,0.19181,0.12231,-0.48808
6.43,0.30159,-0.5216,0.12714
6.44,0.04662,-0.3164,-0.03273
6.45,0.02819,-0.06382,0.13629
6.46,-0.22312,0.15608,0.59873
6.47,-0.21534,-0.02399,-0.26376
6.48,0.20221,-0.4097,0.49904
6.49,0.60316,0.15846,0.28481
6.5,-0.34989,0.08985,0.03448
6.51,-0.57325,0.32775,-0.27974
6.52,0.37173,-0.2752,-0.43495
6.53,0.49709,-0.04458,-0.00109
6.54,0.32634,-0.23248,0.42984
6.55,-0.26848,-0.24475,0.72391
6.56,-0.42885,0.43449,0.51112
6.57,0.05767,0.48319,-0.41144
6.58,-0.62263,0.07516,-0.19506
6.59,0.11443,-0.21653,0.28566
6.6,-0.40185,0.12422,0.1687
6.61,-0.05717,0.65323,-0.09469
6.62,-0.35117,0.76753,0.2358
6.63,-0.15949,0.61335,-0.20534
6.64,-0.2722,-0.41157,-0.43924
6.65,-0.49237,0.10549,0.33395
6.66,-0.13633,-0.27012,0.39581
6.67,-0.04816,-0.37041,0.10362
6.68,0.09751,-0.53668,0.02833
6.69,0.03357,-0.03683,-0.04626
6.7,0.63331,-0.29541,0.23036
6.71,0.28081,-0.43258,-0.00537
6.72,0.81706,-0.23486,0.14291
6.73,0.54403,0.49249,-0.39205
6.74,-0.33653,0.25975,-0.09378
6.75,-0.08529,0.41331,0.22022
6.76,0.24823,-0.08551,0.54654
6.77,-0.07489,-0.62223,-0.01466
6.78,-0.68965,-0.28626,0.15761
6.79,-0.38626,-0.26714,0.19902
6.8,0.31462,0.28161,-0.04063
6.81,0.07189,-0.05794,-0.20091
6.82,-0.32582,0.05425,-0.68666
6.83,-0.06807,-0.27886,-1.02192
6.84,-0.23666,-0.05261,-0.32695
6.85,0.02255,-0.54145,-0.3511
6.86,-0.03984,0.18667,0.50388
6.87,-0.15374,0.27973,0.08717
6.88,0.41902,-0.14202,0.41331
6.89,0.22232,0.2731,0.27372
6.9,-0.52014,0.30497,0.23263
6.91,-0.76028,0.03768,-0.3406
6.92,-0.68686,0.14711,0.12077
6.93,0.1412,-0.13479,0.55205
6.94,0.46221,-0.01408,0.54411
6.95,0.10665,-0.90176,-0.1852
6.96,0.18918,-0.42691,-0.42933
6.97,0.29581,-0.57864,0.20176
6.98,0.05669,-0.65452,-0.15345
6.99,-0.47956,-0.062,-0.24796
7.0,-0.47876,0.26339,0.47105
7.01,-0.68146,0.35646,-0.10152
7.02,-0.125,0.58775,0.22514
7.03,-0.02902,0.44289,-0.07589
7.04,0.21408,0.03137,0.65941
7.05,0.62177,0.06178,-0.00465
7.06,0.38028,-0.543,0.59093
7.07,-0.04313,-0.37944,0.25136
7.08,0.40495,-0.1543,-0.14278
7.09,0.01812,0.29185,0.27568
7.1,0.38491,0.36486,0.53269
7.11,0.16288,0.03544,0.00581
7.12,-0.10648,-0.48199,0.09673
7.13,0.22072,0.23412,-0.32121
7.14,0.32103,0.182,-0.20555
7.15,0.35971,0.51882,0.32953
7.16,0.02445,-0.21111,-0.12871
7.17,0.64705,0.08794,0.06249
7.18,-0.15278,-0.05723,0.14998
7.19,-0.28102,-0.34429,0.36682
7.2,-0.20043,-0.41761,-0.09444
7.21,0.09939,0.35538,0.44214
7.22,0.4601,0.0238,-0.07762
7.23,0.50034,0.3268,-0.12939
7.24,0.19001,0.55529,-0.06911
7.25,0.13643,0.02643,0.16255
7.26,-0.54201,-0.31392,-0.19806
7.27,0.03083,0.14926,-0.21987
7.28,0.21288,0.44627,-0.05394
7.29,-0.20847,0.72055,-0.13147
7.3,0.22269,0.13315,0.16863
7.31,0.1323,0.62832,0.07404
7.32,0.00089,0.74062,0.38412
7.33,0.06253,-0.02752,0.52202
7.34,0.12555,-0.02381,-0.2597
7.35,0.06537,-0.63039,-0.47807
7.36,-0.4053,-0.14399,-0.24392
7.37,-0.08069,0.05441,-0.36133
7.38,-0.44003,0.13025,0.02083
7.39,-0.66506,0.21984,0.35546
7.4,-0.34016,-0.58713,-0.29687
7.41,-0.60186,-0.49226,0.42957
7.42,0.02691,-0.08855,-0.27653
7.43,0.6836,-0.55978,0.29387
7.44,0.37426,-0.25411,-0.23364
7.45,0.356,0.4596,0.30689
7.46,-0.30836,0.18173,-0.00617
7.47,-0.3973,0.13937,0.05743
7.48,-0.20801,-0.26357,0.1137
7.49,0.29521,0.5294,-0.15207
7.5,0.33355,0.09368,-0.01694
7.51,0.02199,0.15586,0.16907
7.52,0.18051,0.104,-0.23495
7.53,0.36092,-0.44092,-0.12632
7.54,-0.34927,-0.25561,-0.49702
7.55,-0.00148,-0.22757,0.26174
7.56,0.3464,0.04231,-0.25671
7.57,0.38158,0.63614,-0.35064
7.58,-0.2003,-0.15565,-0.25457
7.59,-0.70569,0.26532,0.56388
7.6,0.16739,0.31434,0.16361
7.61,0.08438,0.15791,0.63455
7.62,-0.39707,0.17265,0.43364
7.63,-0.39791,-0.03981,-0.22741
7.64,-0.25996,-0.67881,0.55666
7.65,-0.19031,-0.74022,0.08184
7.66,0.4137,-0.00641,0.30459
7.67,0.36737,-0.74787,0.29654
7.68,0.3619,-0.3793,-0.2112
7.69,0.40528,-0.55262,0.17482
7.7,-0.34629,0.20788,-0.31198
7.71,-0.1734,0.36218,0.36967
7.72,0.45009,-0.23571,-0.12478
7.73,0.60429,0.1083,-0.14522
7.74,0.23572,0.2413,-0.57271
7.75,-0.06668,-0.30292,0.22062
7.76,-0.61241,-0.4709,-0.4806
7.77,-0.52039,-0.0352,-0.24684
7.78,-0.40544,0.24761,-0.05157
7.79,-0.02222,-0.20318,-0.56331
7.8,-0.06453,-0.44316,0.03999
7.81,0.356,0.17666,0.47057
7.82,-0.0628,0.09364,-0.21755
7.83,-0.07294,-0.33784,-0.05471
7.84,0.22895,0.61995,-0.3493
7.85,0.16286,0.6633,-0.2287
7.86,0.05263,0.00083,0.18769
7.87,0.50594,0.065,0.24258
7.88,-0.07408,0.42399,-0.3525
7.89,-0.39279,0.61333,-0.09433
7.9,-0.30046,0.28868,0.45366
7.91,-0.33532,0.20925,-0.24466
7.92,-0.70265,0.05312,-0.37476
7.93,-0.47754,-0.85929,0.12201
7.94,0.02673,-0.26958,0.10171
7.95,-0.38848,-0.29113,-0.31061
7.96,-0.18745,-0.67939,0.17697
7.97,0.24989,-0.26051,-0.29821
7.98,0.2761,-0.75481,-0.31861
7.99,0.54189,-0.48478,0.37687
8.0,0.19754,-0.04965,0.19472
8.01,0.39253,0.2956,0.03319
8.02,0.27968,0.23717,0.45919
8.03,0.22797,0.4822,0.1553
8.04,-0.36905,1.01907,0.48535
8.05,-0.42027,0.43873,0.31162
8.06,0.05196,0.39616,0.21663
8.07,-0.2604,0.51378,-0.1722
8.08,0.03963,-0.15257,-0.65864
8.09,0.01877,-0.607,-0.64582
8.1,0.5734,-0.62593,-0.33266
8.11,0.34404,-0.25861,0.0709
8.12,0.69198,-0.49851,-0.24046
8.13,0.67097,0.0934,0.16698
8.14,0.62427,-0.39857,-0.39126
8.15,0.28809,0.13504,-0.21799
8.16,-0.4578,0.30614,-0.0488
8.17,-0.40881,0.05329,0.17026
8.18,0.0643,-0.66534,0.34533
8.19,0.58747,-0.59205,-0.3309
8.2,0.42734,-0.12712,-0.36501
8.21,0.68234,0.24058,-0.17239
8.22,0.47393,0.44418,-0.20835
8.23,0.12638,0.1675,-0.24704
8.24,-0.78338,0.03903,0.46552
8.25,-0.52588,0.21316,0.71743
8.26,0.12128,0.23226,0.08245
8.27,-0.26588,0.87572,0.34905
8.28,-0.58366,0.18834,0.22312
8.29,0.15049,0.1962,0.03543
8.3,0.35754,-0.03014,0.263
8.31,-0.11444,0.45045,0.19836
8.32,0.05938,0.21302,-0.1024
8.33,0.20303,-0.03685,-0.00265
8.34,0.20768,-0.55809,0.23748
8.35,0.49627,-0.20242,-0.53457
8.36,0.22668,-0.31167,-0.19424
8.37,-0.17498,0.08621,-0.55725
8.38,-0.66207,-0.14266,-0.12869
8.39,-0.05574,0.3948,0.18657
8.4,-0.37604,0.34739,0.28552
8.41,-0.30594,0.48327,-0.07534
8.42,0.33691,0.28432,0.18564
8.43,0.28889,0.27533,0.27038
8.44,0.28609,-0.22567,0.49655
8.45,-0.05463,0.41695,0.22628
8.46,0.40646,0.34576,-0.38226
8.47,0.7579,0.20107,0.24236
8.48,0.35651,-0.20951,0.49805
8.49,-0.06574,-0.02894,0.38478
8.5,0.19405,-0.52221,-0.17578
8.51,-0.11919,0.09699,0.16323
8.52,-0.26344,0.14366,-0.18253
8.53,-0.72557,0.12401,0.0338
8.54,-0.28973,-0.40588,-0.16986
8.55,-0.14116,0.15406,-0.39314
8.56,-0.21312,-0.69928,-0.34924
8.57,-0.67448,-0.43652,-0.19474
8.58,-0.37265,0.23948,-0.3037
8.59,0.30034,0.20051,-0.13052
8.6,0.33621,0.25265,-0.10037
8.61,0.38236,-0.48609,0.2168
8.62,-0.18198,-0.05915,0.18494
8.63,-0.17189,-0.25273,0.10477
8.64,-0.07748,0.05813,0.34557
8.65,-0.20408,0.23112,0.60129
8.66,-0.11298,0.07341,0.79137
8.67,-0.20779,-0.03389,0.60138
8.68,0.57059,-0.37027,0.30013
8.69,-0.12566,-0.07015,0.25843
8.7,0.02134,0.34297,-0.27554
8.71,-0.47037,-0.08165,0.23429
8.72,0.43085,-0.17079,0.31981
8.73,0.13466,-0.12404,0.44294
8.74,0.22579,0.32604,-0.08209
8.75,-0.00787,0.12254,-0.45845
8.76,0.18316,-0.24733,-0.30556
8.77,0.01767,-0.42265,-0.5454
8.78,-0.16594,-0.25319,0.29974
8.79,0.24062,0.06462,0.53845
8.8,-0.07118,-0.14237,-0.12741
8.81,-0.17835,-0.34804,-0.60558
8.82,0.22639,-0.12806,-0.00899
8.83,0.22868,0.06264,0.29266
8.84,0.44802,-0.01875,-0.25446
8.85,-0.14932,-0.21694,-0.29061
8.86,-0.00627,0.21345,-0.41796
8.87,-0.10722,-0.16265,-0.43427
8.88,-0.65217,-0.03502,0.0012
8.89,-0.34587,-0.06117,-0.07012
8.9,-0.27436,-0.08786,0.36933
8.91,0.36027,0.42056,0.02371
8.92,0.2506,0.94573,0.18545
8.93,0.31335,0.74428,0.46138
8.94,-0.16837,0.17887,-0.22882
8.95,-0.22648,-0.23015,0.00445
8.96,-0.04445,0.41432,0.21654
8.97,0.69003,0.31422,-0.38476
8.98,-0.20923,-0.32448,-0.42665
8.99,0.28805,0.11815,0.02138
9.0,-0.28102,-0.69384,-0.47763
9.01,-0.11935,-0.0643,-0.32678
9.02,-0.30033,0.26643,-0.00463
9.03,-0.31847,-0.64088,-0.38188
9.04,0.04848,-0.3719,0.3734
9.05,0.40355,-0.25894,0.53898
9.06,-0.27923,0.57782,0.32082
9.07,0.28851,0.5143,0.19154
9.08,0.46247,-0.39392,-0.23988
9.09,0.51377,0.10133,0.13078
9.1,0.17542,-0.42811,-0.33112
9.11,-0.57387,-0.33764,0.43356
9.12,-0.50141,-0.42139,-0.1467
9.13,0.07646,0.19108,0.28379
9.14,0.50427,-0.11135,0.42831
9.15,-0.13952,-0.47651,-0.2867
9.16,-0.47071,0.13413,0.20031
9.17,-0.30369,0.10185,-0.12382
9.18,-0.2565,0.14366,-0.50717
9.19,0.29114,-0.20104,-0.13208
9.2,0.50639,0.29406,-0.40858
9.21,-0.33353,0.3605,-0.3024
9.22,-0.33819,-0.28199,0.0434
9.23,0.01496,-0.31829,0.45926
9.24,0.29729,-0.60162,0.14305
9.25,-0.32695,-0.4815,-0.31365
9.26,0.2384,0.52291,-0.38726
9.27,-0.07918,-0.16512,-0.20359
9.28,0.5584,-0.12087,0.07865
9.29,0.26906,-0.35747,0.06897
9.3,-0.17982,0.00598,0.66738
9.31,0.38122,0.24972,0.12482
9.32,0.27362,0.73184,0.21433
9.33,-0.26894,0.48661,0.00833
9.34,0.18041,0.74843,0.1436
9.35,0.52713,0.75831,0.27022
9.36,0.00776,-0.19304,0.19508
9.37,-0.28465,0.2549,0.62867
9.38,-0.54324,0.26214,0.33672
9.39,0.53699,0.02272,-0.14606
9.4,-0.21563,-0.58991,-0.39621
9.41,-0.01821,0.04537,-0.35833
9.42,0.04528,-0.27755,-0.01229
9.43,-0.0128,-0.81491,0.34238
9.44,0.0829,0.04231,0.29159
9.45,0.47915,-0.00724,-0.24602
9.46,0.52959,-0.48004,-0.62864
9.47,0.34683,-0.54622,-0.26699
9.48,-0.05508,0.47927,-0.0488
9.49,0.25388,0.58737,-0.39638
9.5,-0.34839,-0.13072,-0.45865
9.51,-0.61057,-0.01994,0.3963
9.52,-0.16553,0.54025,-0.10491
9.53,-0.45339,0.52403,0.02746
9.54,-0.38214,0.03864,-0.10763
9.55,-0.06339,-0.04559,0.21298
9.56,-0.00151,0.46724,-0.046
9.57,0.07752,-0.17115,-0.7545
9.58,0.56611,-0.30217,-0.59806
9.59,0.71483,0.2774,0.0031
9.6,0.1521,0.03219,-0.06877
9.61,0.19265,-0.80717,0.43265
9.62,-0.36822,-0.67566,-0.1992
9.63,-0.30008,-0.51353,0.04059
9.64,0.11495,0.16009,-0.21543
9.65,0.01494,0.22037,-0.19816
9.66,0.0818,-0.55727,0.34703
9.67,0.05086,-0.50999,0.11983
9.68,-0.52752,-0.4257,0.30939
9.69,-0.36369,-0.20662,0.28855
9.7,-0.35446,-0.17453,0.03948
9.71,0.43018,-0.03789,-0.14225
9.72,0.01837,0.05344,0.32763
9.73,-0.24158,0.23534,0.53478
9.74,-0.01339,0.14733,0.22948
9.75,0.38064,-0.52725,0.18727
9.76,0.1152,-0.02623,0.22565
9.77,0.59246,0.33381,0.4008
9.78,-0.19618,0.35627,0.19646
9.79,-0.56041,-0.20194,0.20999
9.8,-0.54807,0.39096,-0.15268
9.81,0.16333,-0.26608,-0.31061
9.82,-0.05992,-0.1172,-0.39908
9.83,0.15301,-0.18176,-0.22439
9.84,-0.13028,-0.10646,-0.32434
9.85,-0.29648,-0.56127,-0.35816
9.86,-0.21955,-0.16942,-0.47056
9.87,-0.7754,0.10482,-0.06025
9.88,-0.02665,-0.40193,0.52415
9.89,0.37774,-0.51031,-0.12103
9.9,0.17194,0.50889,-0.35332
9.91,-0.54789,0.18885,0.59442
9.92,-0.20306,-0.02878,0.41412
9.93,-0.16586,0.29519,0.5724
9.94,-0.09366,-0.27879,-0.12259
9.95,0.49924,-0.12561,0.12067
9.96,0.61692,0.62984,0.00935
9.97,-0.18909,-0.05006,0.19741
9.98,0.57028,0.78679,0.07049
9.99,-0.02701,0.2334,0.27152
10.0,-0.21518,0.46817,0.04546
10.01,-0.49007,-0.11421,0.38252
