timestamp_s,pitch_degrees,control_latency_microseconds
0.0,0.2
0.01,0.44511,30.04
0.02,0.12445,13.11
0.03,0.17949,15.26
0.04,0.07344,8.82
0.05,-0.05105,10.25
0.06,0.24634,15.02
0.07,0.20713,18.12
0.08,0.474,10.01
0.09,-0.35793,6.91
0.1,-0.17637,5.72
0.11,0.35908,5.96
0.12,0.20575,36.95
0.13,-0.41229,55.07
0.14,0.06963,14.78
0.15,0.54609,13.83
0.16,-0.15899,13.11
0.17,0.03128,8.11
0.18,0.44665,9.06
0.19,-1.82345,4.77
0.2,0.58198,6.91
0.21,-0.01051,11.92
0.22,0.94774,10.97
0.23,0.0897,5.01
0.24,1.14932,6.91
0.25,-1.1768,15.97
0.26,-1.11106,7.15
0.27,-0.90885,5.96
0.28,0.59283,11.21
0.29,-1.12488,18.84
0.3,-1.35991,32.19
0.31,0.51818,30.99
0.32,1.1477,20.03
0.33,0.73315,18.84
0.34,0.18803,15.97
0.35,-0.97345,32.19
0.36,-0.83146,15.26
0.37,0.06926,11.92
0.38,-0.18013,12.16
0.39,0.25938,10.01
0.4,-0.10856,15.02
0.41,0.04804,13.83
0.42,-0.51266,16.21
0.43,1.47695,7.87
0.44,-0.92277,11.92
0.45,-2.40252,6.91
0.46,-3.08592,11.21
0.47,-3.75325,14.78
0.48,-4.69489,10.01
0.49,-1.2806,5.25
0.5,-0.48633,22.17
0.51,0.40409,12.87
0.52,-1.3818,10.97
0.53,-0.31246,6.91
0.54,0.1391,13.83
0.55,-0.68254,6.91
0.56,0.99171,8.11
0.57,1.62127,7.87
0.58,0.78195,8.11
0.59,0.39898,24.08
0.6,0.6488,6.91
0.61,-1.38746,6.91
0.62,1.4729,7.87
0.63,2.81588,6.91
0.64,4.43134,7.87
0.65,5.94253,7.87
0.66,6.6393,24.80
0.67,6.51012,28.85
0.68,2.33765,17.17
0.69,0.35061,16.93
0.7,-2.31534,30.04
0.71,-3.21556,9.06
0.72,-1.33022,8.11
0.73,-0.88567,20.98
0.74,-0.26596,6.91
0.75,-1.14519,9.06
0.76,1.29539,9.06
0.77,-0.3598,7.87
0.78,1.04597,8.82
0.79,-0.23816,15.97
0.8,0.67057,13.11
0.81,-0.29547,7.15
0.82,-0.24149,5.25
0.83,-0.25788,12.16
0.84,1.2826,13.83
0.85,-1.05193,4.77
0.86,-0.65613,8.82
0.87,-0.99454,11.21
0.88,1.52493,5.96
0.89,-1.6917,5.01
0.9,-1.85166,11.92
0.91,-3.46807,8.11
0.92,-2.85442,6.91
0.93,-3.94918,7.15
0.94,-3.50481,6.91
0.95,1.43198,7.87
0.96,5.14735,6.91
0.97,7.59168,6.20
0.98,9.18391,6.20
0.99,9.05472,6.91
1.0,8.16919,14.78
1.01,5.99264,4.77
1.02,2.84115,8.11
1.03,-0.1194,6.91
1.04,-1.83798,26.23
1.05,-1.15843,23.84
1.06,0.17056,17.88
1.07,-1.28227,10.01
1.08,0.5356,13.11
1.09,-1.25353,10.01
1.1,0.55953,6.91
1.11,-0.87658,6.91
1.12,-0.82041,4.77
1.13,1.07245,8.11
1.14,0.90096,5.25
1.15,-0.05644,5.72
1.16,0.3697,5.72
1.17,0.67061,6.91
1.18,-0.76431,20.98
1.19,-0.81463,5.01
1.2,-0.814,8.82
1.21,1.37224,5.25
1.22,-0.9691,5.25
1.23,-0.24783,7.15
1.24,-1.07044,5.01
1.25,0.49283,6.91
1.26,-1.38002,4.77
1.27,-0.92217,6.91
1.28,-0.87617,5.25
1.29,0.75811,7.15
1.3,0.41022,5.01
1.31,-0.3428,4.77
1.32,1.29987,4.77
1.33,-0.0291,8.11
1.34,0.68623,5.72
1.35,-0.33531,10.97
1.36,0.61988,4.77
1.37,-1.47095,6.20
1.38,1.40323,9.06
1.39,1.07692,6.91
1.4,1.80918,5.01
1.41,2.0723,6.20
1.42,0.69605,5.96
1.43,0.93198,4.29
1.44,-0.57834,6.20
1.45,0.21968,4.77
1.46,-1.27872,5.01
1.47,2.1153,4.77
1.48,2.86235,6.91
1.49,3.21856,5.25
1.5,0.06467,12.16
1.51,-1.94998,7.87
1.52,-4.06257,7.39
1.53,-4.5299,6.20
1.54,-4.89766,7.15
1.55,-2.00696,5.72
1.56,-1.10178,7.15
1.57,1.21287,6.91
1.58,0.14759,5.25
1.59,1.20692,5.01
1.6,-0.7906,7.15
1.61,-1.58796,5.72
1.62,0.21098,4.05
1.63,-0.01009,5.96
1.64,1.36833,4.77
1.65,-1.02508,4.05
1.66,-1.61722,5.96
1.67,-0.66736,7.87
1.68,-0.10049,5.96
1.69,-0.24105,4.77
1.7,0.33116,5.01
1.71,-0.24012,3.81
1.72,0.11218,8.82
1.73,0.34358,5.96
1.74,-1.08534,5.25
1.75,1.59697,5.25
1.76,3.20689,4.77
1.77,3.77679,5.01
1.78,3.72481,4.77
1.79,1.19046,4.77
1.8,-0.10089,7.15
1.81,-0.42615,5.01
1.82,1.18325,5.01
1.83,-1.00501,7.87
1.84,-2.29415,5.96
1.85,-2.60469,5.25
1.86,-1.00567,4.05
1.87,1.0495,11.92
1.88,-0.08238,5.01
1.89,-0.38233,7.15
1.9,1.32804,5.72
1.91,-0.70879,5.96
1.92,-1.44141,6.91
1.93,-1.61567,5.25
1.94,-1.07852,7.15
1.95,1.05087,5.01
1.96,-1.30403,4.77
1.97,-2.5248,5.25
1.98,-2.69735,5.96
1.99,-3.3828,6.91
2.0,0.13297,5.96
2.01,1.11992,5.01
2.02,0.63048,5.01
2.03,0.39302,6.20
2.04,0.35379,5.96
2.05,-0.30896,5.25
2.06,0.83348,3.81
2.07,0.03546,3.81
2.08,-0.58538,5.72
2.09,-1.01373,8.11
2.1,1.05915,5.01
2.11,0.64359,14.07
2.12,-0.61976,6.20
2.13,0.95531,5.25
2.14,-0.08382,5.96
2.15,1.31811,5.01
2.16,-1.4128,5.25
2.17,-1.2544,6.20
2.18,-2.07986,5.01
2.19,-1.7616,5.25
2.2,0.36689,6.20
2.21,1.52875,4.77
2.22,-0.85042,5.72
2.23,-2.74224,6.91
2.24,-2.03662,5.25
2.25,-2.74815,5.01
2.26,1.54763,5.96
2.27,4.71324,5.01
2.28,7.51029,4.77
2.29,10.40158,4.77
2.3,13.01853,4.77
2.31,13.84021,6.91
2.32,13.13475,4.05
2.33,10.09479,5.25
2.34,6.12193,4.77
2.35,2.65857,5.01
2.36,1.06819,4.77
2.37,-0.07913,4.77
2.38,0.94008,5.25
2.39,1.15457,4.77
2.4,-0.79454,10.01
2.41,1.33995,5.01
2.42,1.57882,4.05
2.43,2.73047,4.29
2.44,1.67859,5.25
2.45,0.0456,4.05
2.46,2.70542,5.01
2.47,3.60719,5.25
2.48,3.46181,5.25
2.49,1.44352,5.25
2.5,2.05625,5.96
2.51,-0.59148,4.05
2.52,-1.29243,4.29
2.53,-1.02889,4.05
2.54,1.92964,5.25
2.55,0.65383,6.91
2.56,1.75551,12.16
2.57,-0.28392,7.87
2.58,1.09158,6.20
2.59,0.60374,5.01
2.6,0.83289,6.91
2.61,-0.39164,5.25
2.62,1.45557,5.72
2.63,1.54213,5.72
2.64,1.58845,6.20
2.65,-0.22285,7.87
2.66,-0.49461,8.11
2.67,1.86137,5.96
2.68,1.98559,6.20
2.69,0.22644,7.87
2.7,-0.85648,5.25
2.71,-0.11043,5.01
2.72,-0.37604,10.01
2.73,1.93525,6.91
2.74,0.72778,4.05
2.75,1.12048,4.05
2.76,0.29921,4.29
2.77,-0.73805,5.01
2.78,0.40644,7.15
2.79,-0.44102,5.01
2.8,1.195,5.25
2.81,1.24962,4.77
2.82,-1.03939,5.01
2.83,-0.48354,5.96
2.84,0.25769,4.29
2.85,-0.88133,4.77
2.86,1.27257,4.77
2.87,2.7067,4.05
2.88,2.59199,6.20
2.89,0.00507,5.01
2.9,-1.16066,6.91
2.91,-2.79662,6.91
2.92,-0.97479,7.87
2.93,0.43078,5.72
2.94,-0.46852,6.20
2.95,1.64034,5.01
2.96,2.87085,5.01
2.97,1.75596,6.20
2.98,0.80847,3.81
2.99,0.74354,27.18
3.0,0.23143,32.19
3.01,1.76817,16.93
3.02,-0.4199,12.16
3.03,0.10522,10.01
3.04,-0.25194,14.07
3.05,0.90421,7.87
3.06,-0.53288,10.97
3.07,0.52865,6.91
3.08,-1.14421,5.25
3.09,0.51394,7.87
3.1,0.6394,5.96
3.11,0.79837,5.96
3.12,-0.07471,6.91
3.13,0.65554,10.01
3.14,-0.72586,4.77
3.15,-0.3161,6.20
3.16,0.01378,9.06
3.17,-0.16489,6.91
3.18,1.79486,4.05
3.19,0.11456,5.96
3.2,0.76323,7.87
3.21,-0.59153,6.20
3.22,0.31274,5.01
3.23,-0.87396,5.01
3.24,2.52348,6.20
3.25,2.77834,4.77
3.26,3.68368,7.15
3.27,2.58919,6.20
3.28,2.14915,5.25
3.29,-0.28141,6.91
3.3,1.48927,7.15
3.31,2.27966,4.77
3.32,2.47258,5.72
3.33,3.22891,6.20
3.34,1.35803,4.05
3.35,2.61173,5.25
3.36,-1.60615,6.20
3.37,-2.15858,5.72
3.38,-3.30373,7.15
3.39,-3.47445,5.96
3.4,-1.65464,4.77
3.41,-1.06426,5.72
3.42,1.40537,5.01
3.43,0.13802,6.91
3.44,0.37627,6.20
3.45,1.47939,4.05
3.46,-1.36154,4.77
3.47,-1.30315,4.77
3.48,-0.23941,6.20
3.49,0.38196,5.01
3.5,0.0876,4.05
3.51,0.33962,4.77
3.52,0.37526,5.25
3.53,0.54646,4.77
3.54,0.17199,5.96
3.55,0.91051,5.96
3.56,0.59216,6.20
3.57,0.63083,4.05
3.58,-0.24159,5.96
3.59,1.14571,5.25
3.6,1.23737,7.15
3.61,-0.04427,5.01
3.62,0.55794,5.01
3.63,0.11467,5.01
3.64,0.69138,5.96
3.65,0.02585,6.20
3.66,0.96263,3.81
3.67,-0.6742,5.01
3.68,-1.01999,7.15
3.69,0.73216,6.20
3.7,-0.07689,4.05
3.71,1.54596,5.72
3.72,-0.04696,11.92
3.73,0.17209,5.72
3.74,1.0724,5.25
3.75,-0.5391,4.77
3.76,-0.27841,5.96
3.77,1.2433,5.96
3.78,0.22707,4.05
3.79,0.00522,5.25
3.8,1.76417,41.96
3.81,-0.2305,6.91
3.82,0.71384,5.72
3.83,0.39478,10.97
3.84,1.35443,6.91
3.85,-0.40929,5.25
3.86,-1.37287,6.20
3.87,-2.1445,5.72
3.88,1.03578,7.15
3.89,0.87488,4.77
3.9,1.23498,5.25
3.91,-0.08633,4.77
3.92,0.01674,7.87
3.93,-0.56281,5.96
3.94,2.02478,4.05
3.95,3.55802,3.81
3.96,0.92852,5.25
3.97,1.17844,9.06
3.98,-0.0445,8.82
3.99,0.72094,5.25
4.0,-0.35538,6.91
4.01,1.23028,4.29
4.02,0.86669,4.77
4.03,0.74029,5.96
4.04,0.0012,4.05
4.05,2.25968,5.01
4.06,1.08084,5.96
4.07,1.93047,4.05
4.08,0.16447,5.25
4.09,2.81212,6.20
4.1,2.29519,5.96
4.11,0.32315,4.77
4.12,-1.64048,4.77
4.13,-1.47551,4.29
4.14,-0.63029,4.05
4.15,0.832,5.96
4.16,-0.60526,5.01
4.17,-1.10926,4.05
4.18,-0.24415,4.77
4.19,0.27683,5.01
4.2,-0.25242,5.01
4.21,1.10268,5.25
4.22,1.31165,5.01
4.23,-0.13756,4.29
4.24,-0.74503,5.01
4.25,-1.27018,6.91
4.26,0.4609,5.25
4.27,-1.13375,6.20
4.28,-1.42758,5.01
4.29,-0.75771,6.20
4.3,0.34198,5.72
4.31,-0.38088,5.96
4.32,-0.73846,4.77
4.33,0.59452,5.01
4.34,-1.37819,5.72
4.35,0.34331,4.05
4.36,0.32822,4.77
4.37,0.45782,4.05
4.38,0.5369,5.01
4.39,0.06051,5.01
4.4,1.86175,6.20
4.41,1.14393,5.96
4.42,1.23357,4.05
4.43,-0.63049,9.06
4.44,1.55604,5.01
4.45,0.83427,4.05
4.46,1.18684,5.01
4.47,-0.83998,5.72
4.48,2.40703,5.96
4.49,3.47355,5.96
4.5,6.03498,5.01
4.51,6.15932,5.25
4.52,6.76494,5.96
4.53,5.62695,10.25
4.54,1.5121,5.01
4.55,0.29989,5.01
4.56,0.62388,5.72
4.57,0.61381,4.29
4.58,-0.0897,5.01
4.59,1.54906,5.72
4.6,2.11999,4.05
4.61,1.29371,5.96
4.62,0.77266,5.01
4.63,1.57066,6.91
4.64,0.5244,5.72
4.65,1.76312,14.07
4.66,0.51901,9.06
4.67,0.17291,6.91
4.68,1.65378,9.06
4.69,0.42027,6.91
4.7,0.37095,5.01
4.71,1.17925,4.77
4.72,-0.73749,5.25
4.73,-1.19692,7.15
4.74,0.79574,4.77
4.75,-0.06718,5.72
4.76,1.52224,5.01
4.77,1.33148,4.05
4.78,-0.46649,5.72
4.79,3.28422,6.91
4.8,5.74687,4.05
4.81,8.44095,5.72
4.82,10.70318,5.01
4.83,13.3918,6.20
4.84,14.56739,4.77
4.85,13.02526,5.96
4.86,11.35253,5.72
4.87,6.78019,5.72
4.88,1.79327,5.25
4.89,-1.53931,15.74
4.9,-3.26762,5.25
4.91,-4.30639,10.01
4.92,-5.86936,4.05
4.93,-2.46968,5.96
4.94,-0.41948,4.77
4.95,2.09375,36.72
4.96,3.19636,23.13
4.97,0.28069,12.87
4.98,0.73333,15.26
4.99,0.20005,8.82
5.0,0.41935,14.07
5.01,1.82152,11.21
5.02,0.0025,7.15
5.03,1.99208,12.64
5.04,2.03505,6.91
5.05,0.13096,6.91
5.06,0.19634,4.77
5.07,1.32731,12.16
5.08,-1.2893,5.72
5.09,-1.13821,5.96
5.1,-1.34416,5.96
5.11,0.3389,4.77
5.12,-0.23835,10.01
5.13,0.98942,6.20
5.14,-0.36108,4.05
5.15,-0.07752,5.96
5.16,1.22357,7.15
5.17,-0.22545,6.91
5.18,0.19239,5.01
5.19,0.50525,6.91
5.2,0.88697,3.81
5.21,0.18275,4.77
5.22,1.59699,4.77
5.23,1.08495,5.01
5.24,1.30568,5.01
5.25,0.01646,6.91
5.26,1.60444,4.77
5.27,0.92634,6.20
5.28,1.75392,6.20
5.29,0.10027,6.20
5.3,-0.03078,5.25
5.31,1.43141,3.81
5.32,1.428,4.77
5.33,0.11629,5.72
5.34,1.94437,5.01
5.35,1.82303,5.96
5.36,0.92795,5.72
5.37,1.62692,5.25
5.38,-0.13251,11.92
5.39,0.22808,9.06
5.4,0.0647,10.01
5.41,1.80715,8.11
5.42,1.4573,10.01
5.43,1.75796,11.92
5.44,-0.06806,9.06
5.45,1.13817,6.91
5.46,-0.40244,5.96
5.47,1.20652,5.25
5.48,-2.16099,5.01
5.49,-3.36056,17.88
5.5,-1.58676,19.07
5.51,-0.09495,24.08
5.52,0.00648,22.17
5.53,1.16638,20.03
5.54,0.77184,6.20
5.55,1.4419,10.73
5.56,0.00197,11.92
5.57,1.33843,6.20
5.58,1.31015,8.82
5.59,0.63006,6.91
5.6,1.60389,8.11
5.61,2.47115,6.91
5.62,-0.30137,6.91
5.63,1.22549,10.25
5.64,0.59594,5.72
5.65,0.39646,5.96
5.66,1.2402,5.25
5.67,0.18265,5.01
5.68,0.07417,4.77
5.69,0.95582,4.77
5.7,0.66076,4.05
5.71,0.76563,10.01
5.72,0.98953,5.01
5.73,0.0814,4.77
5.74,2.04322,4.05
5.75,-0.46586,5.01
5.76,-1.23091,5.01
5.77,-1.9516,3.81
5.78,-2.96342,9.06
5.79,-0.75488,5.01
5.8,-1.32167,6.91
5.81,3.02229,4.77
5.82,4.91365,7.15
5.83,6.30219,5.96
5.84,7.9037,7.15
5.85,7.8145,5.96
5.86,6.49808,6.91
5.87,2.57074,12.16
5.88,1.5599,7.87
5.89,0.44194,5.25
5.9,1.90481,4.05
5.91,2.61357,5.96
5.92,-0.50549,6.20
5.93,-2.51969,7.87
5.94,-4.44397,5.25
5.95,-5.10394,6.20
5.96,-4.20932,4.77
5.97,-2.84306,5.96
5.98,1.54417,4.05
5.99,4.31821,4.05
6.0,5.224,5.96
6.01,3.60327,4.77
6.02,1.43541,5.72
6.03,-0.27876,5.01
6.04,-0.72462,6.91
6.05,1.10134,9.06
6.06,0.59318,7.87
6.07,-0.52835,9.06
6.08,0.90836,22.89
6.09,0.13287,9.06
6.1,-0.23138,10.97
6.11,0.44585,8.82
6.12,1.45602,13.11
6.13,-0.20559,10.01
6.14,0.33033,10.97
6.15,1.021,10.97
6.16,0.88457,12.16
6.17,0.72538,19.07
6.18,1.51884,27.89
6.19,0.14797,17.88
6.2,0.25434,25.75
6.21,-0.06386,23.13
6.22,1.86113,15.02
6.23,0.92079,8.82
6.24,0.24935,8.82
6.25,1.74533,30.99
6.26,1.35362,11.92
6.27,0.95778,7.87
6.28,1.66348,10.01
6.29,-0.08649,17.88
6.3,0.07037,15.02
6.31,0.1703,10.01
6.32,1.91151,8.82
6.33,-0.60429,13.11
6.34,0.2288,11.21
6.35,-0.93818,11.92
6.36,0.76354,10.97
6.37,-0.71263,16.93
6.38,1.06045,21.93
6.39,1.09079,10.01
6.4,1.36036,37.91
6.41,0.50817,12.16
6.42,0.95225,15.02
6.43,0.88907,12.16
6.44,1.02668,11.92
6.45,0.67431,11.92
6.46,2.54696,15.02
6.47,0.93918,12.16
6.48,2.45874,12.87
6.49,2.47756,10.97
6.5,0.42882,11.92
6.51,1.48861,12.16
6.52,-0.88415,11.21
6.53,0.9308,10.01
6.54,0.15603,23.13
6.55,1.80821,20.98
6.56,0.03227,23.13
6.57,0.70039,10.97
6.58,-0.01729,7.87
6.59,1.70908,11.92
6.6,0.10627,20.03
6.61,1.42432,10.01
6.62,0.08313,7.87
6.63,2.4088,10.97
6.64,1.4694,15.97
6.65,2.98671,13.83
6.66,2.79565,7.87
6.67,-0.437,12.87
6.68,1.13898,9.06
6.69,0.39233,10.01
6.7,1.96605,9.30
6.71,2.67268,8.11
6.72,1.2793,7.15
6.73,1.62344,13.83
6.74,-0.07766,13.11
6.75,0.64874,9.06
6.76,0.70122,5.96
6.77,1.3549,9.06
6.78,-0.20812,7.15
6.79,1.95759,5.96
6.8,1.8518,10.97
6.81,1.36919,6.20
6.82,1.20755,5.25
6.83,1.06366,5.72
6.84,2.12652,7.15
6.85,0.63105,5.01
6.86,2.08733,6.20
6.87,0.47071,4.77
6.88,0.91019,10.01
6.89,-0.52582,5.96
6.9,2.66322,6.91
6.91,3.41766,19.07
6.92,2.73616,33.86
6.93,1.70125,25.03
6.94,2.03141,14.07
6.95,-0.56573,15.74
6.96,1.92334,10.97
6.97,3.75417,10.97
6.98,4.62915,16.93
6.99,5.43018,6.20
7.0,6.36685,10.01
7.01,7.9861,5.25
7.02,4.1914,10.01
7.03,1.24485,7.87
7.04,0.62184,6.91
7.05,0.2947,5.01
7.06,1.59055,5.25
7.07,1.98947,4.77
7.08,1.08423,6.91
7.09,1.63188,5.01
7.1,1.44538,6.20
7.11,1.44534,6.20
7.12,0.44261,5.96
7.13,2.66911,5.25
7.14,2.61742,7.15
7.15,-0.57169,5.96
7.16,2.6205,5.01
7.17,4.26776,4.77
7.18,6.18873,5.25
7.19,7.5871,4.77
7.2,9.00697,3.81
7.21,10.54383,5.01
7.22,11.98663,5.01
7.23,11.73039,4.05
7.24,8.61424,5.72
7.25,4.97416,4.77
7.26,2.31389,4.05
7.27,-0.71004,5.01
7.28,-2.40801,4.77
7.29,-2.75544,4.77
7.3,-1.66788,4.77
7.31,0.24568,4.77
7.32,-0.13893,5.01
7.33,0.60912,4.05
7.34,1.69393,5.72
7.35,1.36269,4.05
7.36,2.22826,5.01
7.37,-0.20035,6.91
7.38,0.94059,9.06
7.39,0.81078,5.01
7.4,1.52494,4.05
7.41,2.25204,6.20
7.42,-0.02911,6.91
7.43,-1.03996,4.05
7.44,-1.80207,4.29
7.45,-1.28817,5.25
7.46,2.09331,4.77
7.47,3.63936,6.20
7.48,2.09174,6.20
7.49,1.56821,6.20
7.5,1.94395,5.96
7.51,0.97658,7.15
7.52,0.50726,4.05
7.53,2.59008,3.81
7.54,2.9972,6.20
7.55,2.22813,4.05
7.56,2.45488,3.81
7.57,-0.37644,5.25
7.58,2.7761,11.21
7.59,4.73679,10.01
7.6,5.59585,5.96
7.61,5.74649,3.81
7.62,7.14103,5.96
7.63,5.81099,5.96
7.64,3.62527,5.01
7.65,2.30073,5.01
7.66,1.3379,7.87
7.67,3.49731,6.91
7.68,3.1283,5.25
7.69,0.29844,5.01
7.7,0.22888,4.05
7.71,0.59936,5.01
7.72,1.35722,9.06
7.73,2.42751,5.01
7.74,-0.17872,4.77
7.75,1.39764,6.20
7.76,0.86149,5.01
7.77,2.1829,4.77
7.78,2.3345,3.81
7.79,0.55701,8.11
7.8,0.94188,5.96
7.81,1.1095,4.77
7.82,1.37922,7.87
7.83,1.77316,6.91
7.84,0.16575,4.05
7.85,1.83322,6.20
7.86,0.44447,5.01
7.87,1.81106,5.01
7.88,-0.26368,5.96
7.89,0.02948,5.96
7.9,0.95213,5.01
7.91,0.99409,5.01
7.92,1.71595,5.96
7.93,0.25273,4.05
7.94,-0.44353,6.20
7.95,1.05445,5.72
7.96,0.6081,6.91
7.97,2.63065,4.77
7.98,2.87994,4.05
7.99,1.39716,3.81
8.0,0.93936,5.01
8.01,1.63448,3.81
8.02,0.80132,4.77
8.03,1.38075,5.96
8.04,0.86364,4.77
8.05,2.10147,5.01
8.06,0.10598,4.05
8.07,-0.09927,5.01
8.08,0.45038,6.20
8.09,1.6154,7.15
8.1,0.56214,3.81
8.11,3.07741,4.77
8.12,3.62363,4.77
8.13,0.40061,5.96
8.14,-1.64021,4.05
8.15,-2.18946,4.77
8.16,-3.1354,6.91
8.17,-3.27181,6.20
8.18,-0.14804,5.01
8.19,1.16242,5.25
8.2,0.68248,4.05
8.21,2.22769,3.81
8.22,-0.54511,5.96
8.23,-1.48922,4.77
8.24,-2.52107,4.05
8.25,-1.20625,4.05
8.26,0.43713,4.05
8.27,0.6767,5.96
8.28,1.4429,5.25
8.29,1.79103,5.01
8.3,1.41749,5.72
8.31,2.19321,5.72
8.32,0.09902,5.72
8.33,0.19554,5.25
8.34,-0.51362,3.81
8.35,1.1269,5.72
8.36,-0.03431,4.05
8.37,0.5204,5.01
8.38,1.73045,6.20
8.39,0.17948,5.01
8.4,0.63972,3.81
8.41,2.60109,4.05
8.42,1.06441,4.05
8.43,2.94292,5.01
8.44,0.2574,5.01
8.45,-1.73436,6.20
8.46,-2.20282,3.81
8.47,-2.80184,5.01
8.48,-0.13819,5.01
8.49,0.75811,3.81
8.5,1.06957,5.25
8.51,1.56608,5.01
8.52,1.21701,6.91
8.53,2.22103,5.96
8.54,1.24149,4.05
8.55,2.98834,5.96
8.56,3.10372,5.01
8.57,0.54599,6.20
8.58,-0.44591,6.91
8.59,0.5522,5.01
8.6,0.42219,8.34
8.61,1.89032,6.20
8.62,1.9084,5.96
8.63,1.70728,6.20
8.64,1.22105,5.01
8.65,1.81138,9.06
8.66,1.03324,6.91
8.67,3.66153,3.81
8.68,3.47475,9.30
8.69,1.61667,6.91
8.7,1.9635,4.77
8.71,1.35253,5.01
8.72,2.18337,5.01
8.73,0.41311,5.96
8.74,1.70236,5.01
8.75,0.15007,3.81
8.76,1.27726,4.77
8.77,0.97793,3.81
8.78,0.60692,10.97
8.79,2.61495,4.05
8.8,3.087,4.29
8.81,1.19983,4.29
8.82,1.13065,6.20
8.83,1.67915,4.05
8.84,1.04756,11.92
8.85,2.86151,9.06
8.86,3.21176,5.01
8.87,1.88879,10.01
8.88,1.38418,25.99
8.89,2.31042,31.95
8.9,1.98716,15.02
8.91,1.41728,10.01
8.92,2.4289,11.68
8.93,0.98649,5.96
8.94,0.79095,11.92
8.95,1.41028,5.96
8.96,1.36316,5.96
8.97,1.84182,10.97
8.98,1.63417,11.92
8.99,1.93918,10.01
9.0,1.06458,6.91
9.01,2.14445,5.01
9.02,2.76672,5.25
9.03,0.45957,5.96
9.04,1.6264,7.87
9.05,0.06581,5.72
9.06,1.41769,5.96
9.07,1.68702,3.81
9.08,1.80506,6.20
9.09,1.76655,4.77
9.1,1.84861,6.91
9.11,1.18397,6.91
9.12,3.2718,5.72
9.13,4.12561,5.72
9.14,2.45324,7.15
9.15,2.16683,4.77
9.16,1.86443,6.91
9.17,1.95738,3.81
9.18,1.67175,5.72
9.19,1.57299,5.72
9.2,2.88233,6.20
9.21,1.4154,5.96
9.22,3.38546,4.29
9.23,4.21344,4.29
9.24,2.66078,5.01
9.25,0.67855,3.81
9.26,0.45926,5.96
9.27,2.00387,5.01
9.28,-0.0547,5.96
9.29,1.11698,4.77
9.3,0.86959,9.06
9.31,0.89212,6.20
9.32,3.027,5.01
9.33,1.71525,3.81
9.34,2.33462,5.72
9.35,0.59358,5.72
9.36,1.36308,6.20
9.37,0.27276,6.20
9.38,1.60461,5.01
9.39,0.67963,5.96
9.4,0.43688,5.25
9.41,1.47853,5.01
9.42,1.56555,5.72
9.43,1.38234,10.01
9.44,1.47291,9.06
9.45,2.3662,6.20
9.46,1.881,4.05
9.47,2.09496,8.11
9.48,1.72738,4.29
9.49,1.32148,5.96
9.5,1.64475,5.01
9.51,1.28632,4.77
9.52,2.37252,5.01
9.53,-0.64471,5.01
9.54,-1.14336,4.05
9.55,-2.67718,3.81
9.56,0.5857,4.05
9.57,3.16089,6.20
9.58,4.25228,10.01
9.59,5.50855,8.82
9.6,4.13769,5.01
9.61,2.68392,5.25
9.62,2.79677,5.01
9.63,2.34813,5.01
9.64,1.53901,5.72
9.65,3.27247,3.81
9.66,3.4177,5.01
9.67,3.33249,3.81
9.68,0.92633,4.05
9.69,0.7496,4.05
9.7,0.68175,8.82
9.71,2.81467,3.81
9.72,3.81769,5.96
9.73,2.29542,8.82
9.74,3.75067,4.77
9.75,2.76886,7.15
9.76,1.22074,6.91
9.77,1.12973,6.91
9.78,2.94826,4.77
9.79,1.86884,4.77
9.8,1.82613,5.25
9.81,1.21339,4.05
9.82,3.28503,5.01
9.83,4.51865,4.05
9.84,2.17093,6.20
9.85,1.10337,5.01
9.86,-0.19138,5.25
9.87,1.7603,5.01
9.88,0.9109,4.77
9.89,0.57299,6.20
9.9,3.05864,5.01
9.91,3.65702,5.01
9.92,2.5945,5.01
9.93,2.02004,7.87
9.94,2.44823,4.77
9.95,1.33717,5.25
9.96,1.26892,5.01
9.97,1.82294,4.77
9.98,0.88644,4.05
9.99,2.39835,5.25
10.0,3.27713,10.01
10.01,0.6338,4.77
