timestamp_s,pitch_degrees,control_latency_microseconds
0.0,0.2
0.01,0.45206,1138.93
0.02,0.31716,879.29
0.03,0.75594,831.84
0.04,0.35112,811.82
0.05,0.49491,859.02
0.06,0.34228,798.94
0.07,0.11876,790.60
0.08,-0.4613,859.98
0.09,0.06666,792.98
0.1,0.12132,797.03
0.11,-0.43735,780.58
0.12,0.47308,785.11
0.13,0.18849,921.01
0.14,-0.44544,805.14
0.15,-0.18821,780.11
0.16,-0.12715,857.11
0.17,0.25254,777.01
0.18,-0.02381,790.12
0.19,0.24558,774.86
0.2,-0.70395,766.04
0.21,0.24146,792.03
0.22,-0.31645,782.01
0.23,0.59277,790.12
0.24,-0.81057,780.11
0.25,0.08355,774.86
0.26,-0.85213,988.01
0.27,-0.05063,1057.86
0.28,0.25745,1147.75
0.29,-0.33221,1034.02
0.3,0.01883,928.88
0.31,-0.6531,889.78
0.32,0.46749,900.98
0.33,0.76623,868.08
0.34,-0.71157,844.96
0.35,0.10854,1064.06
0.36,-1.41813,911.71
0.37,2.81351,914.81
0.38,5.36274,823.02
0.39,6.84097,874.04
0.4,9.45798,826.84
0.41,11.01591,816.82
0.42,8.97224,875.95
0.43,6.1585,807.76
0.44,2.65211,797.27
0.45,1.55794,778.91
0.46,-0.05004,819.21
0.47,-0.79793,822.07
0.48,-0.51755,827.07
0.49,0.34649,830.89
0.5,-0.15807,795.13
0.51,-0.56958,797.03
0.52,0.77448,796.08
0.53,-0.12168,806.81
0.54,0.12232,788.93
0.55,0.69529,793.22
0.56,-1.28616,887.16
0.57,0.33432,786.07
0.58,1.3985,792.74
0.59,0.74761,787.97
0.6,0.25697,777.01
0.61,1.49445,770.81
0.62,-0.03489,757.93
0.63,1.74424,798.94
0.64,1.31535,777.24
0.65,-0.67258,863.08
0.66,2.82792,799.18
0.67,3.51435,794.17
0.68,3.91937,788.93
0.69,3.47908,775.10
0.7,2.67134,787.97
0.71,0.80402,776.77
0.72,1.60044,831.13
0.73,-1.4597,808.95
0.74,-1.75764,909.09
0.75,-2.13593,842.09
0.76,-1.49227,821.83
0.77,0.06362,792.03
0.78,-1.96709,792.98
0.79,0.12451,857.11
0.8,-0.01776,812.05
0.81,0.01053,802.04
0.82,0.77537,781.06
0.83,-2.04238,926.97
0.84,-0.82607,1174.93
0.85,-0.73602,1003.03
0.86,0.37216,981.09
0.87,-1.4168,846.15
0.88,0.47459,808.00
0.89,0.62784,804.90
0.9,0.35493,783.92
0.91,0.3706,785.83
0.92,-0.23351,757.69
0.93,0.82364,873.09
0.94,0.22051,789.17
0.95,-0.10739,765.09
0.96,1.06201,761.03
0.97,-0.69225,760.08
0.98,0.95097,775.81
0.99,0.63252,772.24
1.0,0.43331,840.90
1.01,0.2487,808.00
1.02,0.47701,771.05
1.03,-0.63915,781.77
1.04,2.47525,782.97
1.05,3.07447,772.00
1.06,3.16322,777.96
1.07,2.30736,773.91
1.08,0.44761,771.76
1.09,0.73173,772.24
1.1,0.49195,826.12
1.11,0.58941,774.86
1.12,-0.46897,764.85
1.13,0.32186,760.79
1.14,0.75414,780.82
1.15,-1.01119,774.86
1.16,1.42443,801.09
1.17,2.34024,923.87
1.18,3.85246,1048.80
1.19,4.23693,1134.16
1.2,2.23031,1137.02
1.21,0.68492,1099.11
1.22,1.5614,1086.24
1.23,0.26941,1040.94
1.24,0.40932,1095.77
1.25,-0.05376,1026.15
1.26,0.38594,1039.03
1.27,-0.40389,1029.97
1.28,1.19861,1087.19
1.29,1.0278,1039.98
1.3,0.2958,875.00
1.31,0.8423,828.98
1.32,0.58682,805.14
1.33,-0.05053,792.98
1.34,1.4342,784.16
1.35,-0.37163,885.96
1.36,-1.14805,800.85
1.37,0.14091,777.01
1.38,-0.94985,869.04
1.39,-0.03526,808.24
1.4,0.18738,796.79
1.41,-0.6248,876.90
1.42,2.22905,862.12
1.43,2.71537,785.83
1.44,1.88242,776.77
1.45,2.33179,785.83
1.46,-0.96934,774.15
1.47,0.1938,843.76
1.48,0.94315,782.25
1.49,-0.60356,797.03
1.5,-0.72734,766.99
1.51,0.65172,792.98
1.52,-1.05069,777.96
1.53,-1.3156,773.91
1.54,0.06079,772.00
1.55,-0.94265,850.92
1.56,1.36092,799.89
1.57,0.41505,792.03
1.58,1.23491,806.09
1.59,-1.36653,772.71
1.6,-2.64457,786.07
1.61,-0.32938,759.12
1.62,1.37334,791.07
1.63,1.51714,777.96
1.64,1.49708,772.24
1.65,-1.13559,825.88
1.66,1.8085,764.85
1.67,2.61676,760.08
1.68,2.95991,796.08
1.69,3.86313,766.04
1.7,4.37198,760.79
1.71,2.28963,748.87
1.72,0.64863,758.17
1.73,0.82849,764.85
1.74,-0.91055,800.85
1.75,1.07422,842.09
1.76,2.58126,809.91
1.77,2.84198,768.90
1.78,0.81623,797.99
1.79,-0.92833,783.92
1.8,-0.62178,784.16
1.81,-0.21594,777.01
1.82,0.34227,787.97
1.83,-0.09267,772.24
1.84,1.60292,774.86
1.85,-0.19374,802.99
1.86,-0.01315,784.87
1.87,0.12346,771.05
1.88,0.28089,810.15
1.89,0.92538,781.06
1.9,-0.5012,924.11
1.91,1.44246,973.94
1.92,1.96414,952.96
1.93,0.49871,815.15
1.94,0.75322,789.88
1.95,-0.21569,850.92
1.96,0.62665,775.10
1.97,0.58289,766.99
1.98,0.09135,801.09
1.99,1.27975,766.04
2.0,0.54865,767.95
2.01,1.21683,761.99
2.02,-0.61431,855.68
2.03,1.31729,788.93
2.04,0.17798,783.21
2.05,0.59534,808.00
2.06,-0.08211,790.60
2.07,1.41561,772.24
2.08,0.48383,770.09
2.09,0.89701,782.97
2.1,-0.96582,782.01
2.11,0.27122,773.19
2.12,-0.03735,792.74
2.13,0.5275,766.99
2.14,-0.77797,763.89
2.15,-0.04688,745.77
2.16,0.02333,777.96
2.17,0.93686,772.24
2.18,-0.67423,771.05
2.19,2.0661,784.16
2.2,1.53402,761.99
2.21,-0.13367,755.07
2.22,0.64114,814.20
2.23,1.21877,771.05
2.24,-0.80963,784.87
2.25,-0.69133,777.96
2.26,1.28452,781.06
2.27,-1.32253,769.85
2.28,-0.95756,766.75
2.29,-1.70906,750.30
2.3,-0.35788,758.17
2.31,1.06683,797.99
2.32,0.2861,794.17
2.33,1.97832,777.96
2.34,0.16401,765.09
2.35,0.28083,756.03
2.36,-0.6927,996.11
2.37,1.82285,1197.10
2.38,3.40989,977.04
2.39,4.10841,812.05
2.4,1.81973,857.83
2.41,1.80735,813.96
2.42,-0.07933,798.94
2.43,0.02703,802.99
2.44,0.8758,808.95
2.45,-0.4056,797.99
2.46,-0.25357,764.85
2.47,1.33948,777.96
2.48,-0.71351,770.81
2.49,-1.23822,773.91
2.5,-1.18972,799.89
2.51,1.23561,787.97
2.52,-0.21311,777.96
2.53,0.59084,806.09
2.54,-1.24456,767.95
2.55,1.71952,786.30
2.56,4.08524,771.05
2.57,5.33433,763.89
2.58,7.08249,792.98
2.59,8.27478,764.85
2.6,4.82793,794.17
2.61,1.39778,772.95
2.62,-0.78092,764.13
2.63,-3.05765,777.01
2.64,-1.25394,768.90
2.65,-0.34129,774.86
2.66,1.01647,768.18
2.67,-0.52404,763.18
2.68,0.70954,766.75
2.69,-1.28606,758.89
2.7,0.85372,804.90
2.71,0.36546,772.00
2.72,-2e-05,766.99
2.73,1.356,801.09
2.74,1.44891,789.17
2.75,-1.12547,772.00
2.76,0.07156,773.91
2.77,0.98837,775.10
2.78,1.19434,767.23
2.79,1.87756,775.10
2.8,-1.50332,756.98
2.81,-1.20342,747.92
2.82,-0.57121,787.26
2.83,0.18023,900.98
2.84,0.17568,778.68
2.85,0.22454,792.98
2.86,1.14374,771.76
2.87,-0.29358,756.98
2.88,-0.20823,823.97
2.89,1.27817,818.01
2.9,1.26473,1142.02
2.91,-0.6028,1165.87
2.92,1.46649,1125.81
2.93,2.88592,986.10
2.94,3.77137,826.84
2.95,4.41499,823.02
2.96,3.34245,802.04
2.97,0.05378,810.15
2.98,0.49655,886.92
2.99,0.65867,854.97
3.0,0.27948,805.85
3.01,0.84523,812.05
3.02,-0.37723,801.80
3.03,0.1254,857.11
3.04,-0.01735,835.90
3.05,1.37966,798.94
3.06,1.56189,802.99
3.07,-0.98711,793.93
3.08,2.86143,768.90
3.09,4.55509,834.23
3.1,6.94844,821.11
3.11,9.57539,789.17
3.12,10.68075,784.87
3.13,13.43256,849.96
3.14,13.57417,828.03
3.15,11.62117,816.11
3.16,7.56407,809.19
3.17,2.80547,838.99
3.18,-0.46745,827.79
3.19,-2.68603,791.07
3.2,-3.58885,802.99
3.21,-0.95765,787.97
3.22,0.70792,824.69
3.23,2.66912,792.03
3.24,1.35061,787.73
3.25,1.70973,792.03
3.26,1.3938,813.72
3.27,0.72459,802.04
3.28,0.70701,834.23
3.29,1.55162,823.97
3.3,1.05116,801.09
3.31,0.65354,795.84
3.32,1.79591,838.04
3.33,0.40929,795.84
3.34,0.95541,835.90
3.35,-0.04858,802.04
3.36,1.18803,809.91
3.37,1.06025,829.94
3.38,1.8624,770.81
3.39,-0.66889,772.24
3.4,0.40053,848.05
3.41,0.03226,805.14
3.42,1.11727,781.06
3.43,0.28339,796.79
3.44,0.54739,792.98
3.45,0.96924,823.02
3.46,0.58048,815.15
3.47,-0.05253,766.04
3.48,1.97174,832.80
3.49,0.17825,802.76
3.5,-1.45354,775.10
3.51,-1.06206,800.13
3.52,0.85827,791.79
3.53,-1.85153,813.96
3.54,-0.95565,790.83
3.55,-1.14503,770.09
3.56,1.25554,845.91
3.57,0.01578,777.01
3.58,-0.29944,807.05
3.59,0.92823,792.26
3.6,1.22841,780.82
3.61,-0.06288,762.94
3.62,2.81306,766.99
3.63,2.24922,764.37
3.64,1.28478,768.90
3.65,1.25048,782.97
3.66,1.36081,781.06
3.67,-0.50278,828.98
3.68,3.27565,793.22
3.69,5.10467,788.93
3.7,7.43322,810.86
3.71,9.18416,804.19
3.72,10.57571,808.00
3.73,9.53206,777.96
3.74,5.89554,766.04
3.75,2.66311,808.00
3.76,-0.51048,753.88
3.77,-2.6189,844.00
3.78,-2.72472,823.02
3.79,-1.88774,810.62
3.8,-0.33057,777.01
3.81,0.58365,796.08
3.82,-0.20218,795.84
3.83,1.14915,831.84
3.84,1.06171,810.86
3.85,1.36426,847.10
3.86,0.42483,798.94
3.87,1.95439,805.14
3.88,1.40536,802.04
3.89,0.67563,780.11
3.9,2.22223,754.12
3.91,2.17624,827.07
3.92,0.20689,823.97
3.93,0.64061,788.93
3.94,0.23954,823.97
3.95,1.51444,769.14
3.96,1.12219,799.89
3.97,1.69544,832.80
3.98,-0.11381,808.00
3.99,1.20831,823.02
4.0,-1.16339,795.13
4.01,-0.49431,756.98
4.02,0.66866,820.88
4.03,0.28609,808.00
4.04,1.9227,759.12
4.05,-0.87609,805.14
4.06,-1.42383,780.11
4.07,-2.84682,802.99
4.08,-0.98273,935.08
4.09,-0.14431,1235.96
4.1,1.03513,956.77
4.11,1.81082,863.08
4.12,-0.30953,828.98
4.13,-1.36606,857.11
4.14,-0.65606,774.15
4.15,0.96866,907.90
4.16,0.38669,836.85
4.17,2.35567,868.08
4.18,3.61394,792.98
4.19,1.3665,787.02
4.2,1.0069,887.63
4.21,1.88132,859.98
4.22,-0.4459,801.09
4.23,-0.85427,789.88
4.24,-1.59458,857.83
4.25,0.09391,818.25
4.26,-0.37177,833.75
4.27,0.50711,842.09
4.28,1.23496,829.94
4.29,-0.849,801.09
4.3,2.31638,784.16
4.31,3.98705,820.88
4.32,5.1336,808.95
4.33,5.38911,787.02
4.34,6.04051,807.05
4.35,5.91819,809.91
4.36,2.38348,832.08
4.37,0.9239,813.72
4.38,-0.47503,786.30
4.39,0.9344,794.89
4.4,-0.85222,854.97
4.41,2.09614,833.99
4.42,2.97286,802.04
4.43,2.71984,806.81
4.44,1.73445,797.03
4.45,2.40435,823.97
4.46,-0.51322,783.21
4.47,-1.39906,807.05
4.48,-0.18441,773.91
4.49,0.17015,820.88
4.5,1.23737,787.97
4.51,0.95797,792.74
4.52,1.50468,805.85
4.53,0.98951,774.86
4.54,1.17561,791.07
4.55,1.12852,818.25
4.56,0.89896,762.94
4.57,1.31583,833.03
4.58,0.9664,764.85
4.59,0.63695,780.11
4.6,1.97826,777.01
4.61,0.59244,787.02
4.62,1.84894,819.92
4.63,1.31566,787.97
4.64,0.31021,771.05
4.65,0.84699,763.89
4.66,1.05868,771.76
4.67,1.3272,808.95
4.68,0.71536,866.17
4.69,1.37987,794.89
4.7,0.36313,802.99
4.71,0.53482,782.73
4.72,1.53017,779.15
4.73,0.55074,844.00
4.74,1.97618,827.79
4.75,0.59111,793.93
4.76,-0.49318,772.24
4.77,0.1328,808.00
4.78,1.69523,808.00
4.79,2.10355,785.11
4.8,-1.13338,761.75
4.81,-2.14708,770.09
4.82,-2.99732,834.94
4.83,-1.0105,816.82
4.84,-0.33307,766.28
4.85,1.69527,797.99
4.86,0.03291,803.71
4.87,0.4745,786.07
4.88,0.58693,788.93
4.89,2.13093,821.11
4.9,2.42124,778.91
4.91,-0.96432,812.05
4.92,-1.33574,809.91
4.93,-2.49899,773.67
4.94,-2.11382,802.04
4.95,0.09194,803.95
4.96,1.44498,820.16
4.97,2.47131,785.11
4.98,1.46119,861.88
4.99,1.65127,795.13
5.0,1.74202,818.73
5.01,0.93083,817.78
5.02,-0.04513,792.03
5.03,1.37016,798.94
5.04,1.05753,778.91
5.05,1.25054,809.91
5.06,1.1928,802.99
5.07,0.25963,797.99
5.08,2.27653,801.09
5.09,2.63081,787.97
5.1,-0.49527,819.92
5.11,-1.22726,787.26
5.12,-1.68117,787.02
5.13,0.19852,770.09
5.14,-0.00303,792.26
5.15,0.3321,777.96
5.16,1.0375,754.83
5.17,1.99898,777.96
5.18,-0.12551,792.74
5.19,1.31695,788.93
5.2,0.25074,785.11
5.21,-0.07681,768.66
5.22,1.6242,773.67
5.23,-0.93305,809.19
5.24,-2.0556,809.91
5.25,-2.84711,773.19
5.26,-1.33415,790.12
5.27,0.08708,790.12
5.28,0.7215,779.15
5.29,1.82512,782.01
5.3,-0.25112,758.89
5.31,1.27087,766.28
5.32,-0.65784,753.16
5.33,1.08172,844.72
5.34,-0.39101,765.32
5.35,2.1466,797.99
5.36,2.60095,776.05
5.37,0.85363,752.69
5.38,0.48876,818.25
5.39,0.48917,758.89
5.4,1.7702,800.13
5.41,2.42237,777.96
5.42,1.26537,848.29
5.43,3.10652,836.85
5.44,2.85435,801.09
5.45,0.45155,785.83
5.46,-0.82112,1096.96
5.47,-1.24461,810.15
5.48,-0.0844,860.93
5.49,0.79739,808.24
5.5,-0.08125,900.98
5.51,2.40663,790.12
5.52,2.66371,793.22
5.53,0.00823,751.97
5.54,-1.28603,781.77
5.55,0.30815,783.68
5.56,-0.19846,797.03
5.57,0.57894,787.26
5.58,0.86565,802.76
5.59,2.15825,760.08
5.6,1.81101,812.77
5.61,0.50618,916.96
5.62,1.25651,822.07
5.63,1.20547,1448.15
5.64,0.24713,1224.99
5.65,2.11857,1049.28
5.66,2.88107,1252.89
5.67,0.55895,2044.20
5.68,0.1707,1267.91
5.69,-0.17635,1744.03
5.7,0.22135,1216.17
5.71,1.66775,968.93
5.72,-0.28478,939.13
5.73,-0.03479,864.03
5.74,-0.00702,877.86
5.75,1.85776,923.16
5.76,2.22621,828.74
5.77,2.02313,842.09
5.78,0.08523,801.09
5.79,3.22473,1164.91
5.8,4.68584,1064.78
5.81,6.24492,854.97
5.82,6.12966,816.11
5.83,5.39443,826.84
5.84,1.69998,868.08
5.85,0.82463,874.28
5.86,1.22067,864.03
5.87,0.23302,821.11
5.88,3.00308,1091.96
5.89,2.88217,1194.95
5.9,2.03483,1041.89
5.91,1.74901,890.97
5.92,1.03945,926.97
5.93,1.29702,900.03
5.94,1.51275,931.02
5.95,0.53245,819.92
5.96,0.01331,842.09
5.97,1.18042,815.15
5.98,1.08725,779.87
5.99,1.10565,790.12
6.0,0.34856,828.03
6.01,2.2797,843.05
6.02,-0.51494,828.03
6.03,-1.50395,837.09
6.04,-2.29667,844.00
6.05,-1.64872,851.87
6.06,-0.02284,877.14
6.07,0.56045,841.86
6.08,1.13206,858.31
6.09,0.72463,859.98
6.1,0.83551,805.85
6.11,0.90723,815.87
6.12,1.72782,797.03
6.13,0.53807,801.09
6.14,-0.10386,813.01
6.15,1.25856,822.07
6.16,0.81748,796.08
6.17,2.9725,797.99
6.18,3.53749,838.76
6.19,-0.04309,832.08
6.2,-0.6362,776.05
6.21,-2.15396,850.92
6.22,-1.23562,787.97
6.23,-0.06993,806.81
6.24,0.6515,827.79
6.25,1.29708,837.80
6.26,-0.14613,798.94
6.27,0.76752,785.83
6.28,1.65438,801.09
6.29,-0.2532,838.04
6.3,0.22247,771.05
6.31,0.42106,820.88
6.32,1.30626,801.80
6.33,0.1091,828.98
6.34,0.79356,782.73
6.35,1.18919,792.74
6.36,0.07064,806.09
6.37,0.96776,785.83
6.38,0.65049,779.87
6.39,2.16191,794.89
6.4,2.32599,783.21
6.41,0.58966,777.01
6.42,1.57145,781.77
6.43,0.05242,828.98
6.44,0.3642,829.22
6.45,1.96101,779.15
6.46,1.18118,796.08
6.47,2.67503,822.07
6.48,0.60385,777.96
6.49,1.48681,802.04
6.5,1.27799,776.05
6.51,0.45281,833.99
6.52,1.62012,772.95
6.53,0.94537,833.03
6.54,1.60477,822.07
6.55,2.02864,775.81
6.56,0.96157,777.96
6.57,1.85906,776.77
6.58,2.49965,766.99
6.59,1.32217,792.03
6.6,3.00918,847.10
6.61,1.21415,796.08
6.62,2.20862,801.09
6.63,0.94834,797.27
6.64,2.83627,815.87
6.65,3.64369,788.93
6.66,2.80087,830.17
6.67,0.73504,795.84
6.68,0.30365,761.03
6.69,0.72489,825.64
6.7,1.21847,831.13
6.71,1.13684,808.95
6.72,1.99089,814.91
6.73,0.97759,780.11
6.74,2.03814,830.89
6.75,-0.64641,793.22
6.76,-0.85948,778.20
6.77,-0.38111,784.87
6.78,1.61955,777.24
6.79,1.77705,780.11
6.8,0.66666,836.85
6.81,2.31027,806.81
6.82,0.81153,799.89
6.83,0.45999,787.02
6.84,1.42342,793.70
6.85,1.44634,770.81
6.86,-0.21318,811.10
6.87,2.08452,756.98
6.88,0.59572,769.62
6.89,1.63438,792.03
6.9,0.8236,781.06
6.91,1.35374,811.10
6.92,1.49319,813.01
6.93,0.60663,798.94
6.94,0.60087,792.03
6.95,1.93161,766.99
6.96,2.25699,793.93
6.97,0.12709,790.12
6.98,0.04729,804.90
6.99,-0.30907,775.10
7.0,0.8867,802.76
7.01,-0.95913,818.25
7.02,1.47715,813.72
7.03,1.45937,796.79
7.04,1.95291,810.15
7.05,1.53189,786.30
7.06,1.71973,767.95
7.07,0.53973,761.03
7.08,1.42842,771.76
7.09,2.25261,795.84
7.1,-0.07355,765.32
7.11,0.77611,805.14
7.12,0.45287,764.37
7.13,0.96988,803.95
7.14,1.10363,787.97
7.15,1.97662,783.21
7.16,0.44479,785.83
7.17,1.01324,795.13
7.18,0.97809,780.11
7.19,1.41461,762.22
7.2,2.29665,744.10
7.21,-0.09345,815.15
7.22,-1.0722,761.03
7.23,-0.85518,771.05
7.24,1.03552,757.93
7.25,-1.19415,754.83
7.26,-0.71913,738.86
7.27,-0.18687,768.18
7.28,1.78002,846.15
7.29,2.69742,798.94
7.3,0.30892,770.09
7.31,-0.26491,820.16
7.32,0.24078,783.68
7.33,1.00829,771.05
7.34,1.25727,780.11
7.35,0.96521,764.85
7.36,2.30664,762.94
7.37,2.07998,766.04
7.38,1.04035,827.79
7.39,1.86082,782.97
7.4,0.99871,772.95
7.41,2.50387,792.98
7.42,2.56238,792.03
7.43,0.34898,784.16
7.44,0.00211,982.76
7.45,-0.24328,862.84
7.46,1.24916,849.01
7.47,0.78855,884.06
7.48,2.42923,818.01
7.49,0.35038,809.91
7.5,1.19236,832.08
7.51,0.2009,791.07
7.52,1.78127,788.93
7.53,0.68061,782.01
7.54,0.94986,794.17
7.55,1.42808,875.00
7.56,0.56013,918.15
7.57,1.02032,787.02
7.58,1.31579,779.15
7.59,1.5787,780.11
7.6,0.50261,774.15
7.61,2.18314,1173.02
7.62,2.73522,992.06
7.63,1.6083,929.83
7.64,1.85406,833.03
7.65,1.40745,833.99
7.66,2.45152,862.36
7.67,1.58739,794.89
7.68,2.36648,836.85
7.69,-0.39802,801.09
7.7,0.39511,792.03
7.71,-0.01119,795.13
7.72,2.60847,798.94
7.73,2.23458,773.19
7.74,1.11872,787.97
7.75,0.62008,782.01
7.76,2.31304,777.01
7.77,1.72891,768.90
7.78,1.0293,759.12
7.79,2.21028,757.93
7.8,0.18455,746.97
7.81,0.99737,757.93
7.82,0.75125,819.92
7.83,2.76777,875.00
7.84,0.82216,802.99
7.85,1.5144,781.06
7.86,0.8826,769.14
7.87,1.11912,781.06
7.88,2.56662,815.15
7.89,1.29148,781.77
7.9,1.33229,793.70
7.91,1.78783,800.13
7.92,1.49283,779.63
7.93,0.91462,800.85
7.94,3.29623,773.91
7.95,3.04073,881.20
7.96,0.57998,787.97
7.97,-0.63342,842.09
7.98,-1.21834,772.95
7.99,-0.72909,784.16
8.0,1.62077,871.90
8.01,0.32264,959.87
8.02,1.43347,826.84
8.03,1.11421,814.91
8.04,1.42677,839.71
8.05,1.2065,782.97
8.06,1.52045,824.21
8.07,0.43251,775.81
8.08,0.68733,791.07
8.09,1.45169,770.09
8.1,1.70968,772.71
8.11,1.0428,764.85
8.12,1.82714,771.05
8.13,2.04694,774.86
8.14,0.52658,771.05
8.15,0.56045,783.92
8.16,1.52042,836.13
8.17,0.12447,844.96
8.18,-1.04406,782.97
8.19,-1.38929,772.24
8.2,1.51281,774.15
8.21,2.0775,779.87
8.22,1.08433,771.05
8.23,1.27443,792.03
8.24,1.37409,762.22
8.25,1.44822,762.22
8.26,0.66239,908.14
8.27,2.42315,809.91
8.28,2.55049,766.28
8.29,0.95969,773.19
8.3,0.87733,757.93
8.31,2.0127,770.81
8.32,1.05143,823.02
8.33,1.73888,812.05
8.34,-0.44385,769.14
8.35,1.53182,784.16
8.36,3.21531,878.10
8.37,3.48982,800.13
8.38,3.35159,829.94
8.39,-0.86665,781.77
8.4,-2.67125,826.84
8.41,-4.65374,825.17
8.42,-5.78167,800.13
8.43,-6.85398,812.77
8.44,-5.89833,843.05
8.45,-3.91154,793.93
8.46,1.44437,838.04
8.47,3.27007,829.22
8.48,4.66241,831.37
8.49,5.74891,803.95
8.5,6.68751,825.17
8.51,6.80339,803.95
8.52,5.28327,822.07
8.53,2.13284,787.02
8.54,2.94201,784.87
8.55,0.75732,813.96
8.56,-0.77172,828.98
8.57,-1.71129,810.86
8.58,-2.22163,804.19
8.59,-1.22178,803.71
8.6,1.17175,778.91
8.61,0.07194,801.09
8.62,0.25014,782.01
8.63,-0.43835,798.94
8.64,1.90839,812.05
8.65,1.73067,820.88
8.66,1.98288,796.79
8.67,0.73799,849.72
8.68,0.56507,777.96
8.69,1.7863,763.89
8.7,0.81106,810.86
8.71,2.05379,786.30
8.72,-0.24832,791.07
8.73,-1.76323,842.09
8.74,-0.69423,782.01
8.75,-0.31117,820.40
8.76,2.37383,800.85
8.77,2.66614,797.99
8.78,1.2473,789.17
8.79,0.30254,778.91
8.8,1.02668,783.92
8.81,0.98493,858.31
8.82,1.50126,781.06
8.83,0.60038,760.08
8.84,-0.15454,833.99
8.85,1.6799,787.97
8.86,1.63311,787.97
8.87,1.03494,810.86
8.88,1.98149,812.05
8.89,1.11348,798.94
8.9,0.91392,799.18
8.91,1.27223,787.26
8.92,1.4013,804.90
8.93,1.02972,843.05
8.94,1.71333,820.16
8.95,0.83819,772.24
8.96,0.91369,775.81
8.97,0.80771,773.91
8.98,1.95839,765.09
8.99,1.69789,775.81
9.0,1.4846,809.91
9.01,2.23482,777.96
9.02,-0.45669,764.85
9.03,0.09469,771.05
9.04,1.11081,807.29
9.05,0.54499,778.91
9.06,2.39627,794.89
9.07,1.15357,839.95
9.08,1.7065,787.97
9.09,1.32572,792.03
9.1,1.91605,784.16
9.11,0.83583,787.97
9.12,3.80033,783.21
9.13,4.36569,809.91
9.14,3.97374,811.82
9.15,1.24509,823.97
9.16,1.42463,792.03
9.17,0.8106,809.91
9.18,1.47562,794.89
9.19,1.36787,793.22
9.2,0.71684,814.20
9.21,2.3318,795.84
9.22,3.55308,808.95
9.23,2.00734,807.05
9.24,2.36987,840.19
9.25,1.61886,775.81
9.26,1.57735,783.92
9.27,1.61859,789.17
9.28,1.63604,772.95
9.29,1.47769,772.95
9.3,1.20844,783.92
9.31,1.7552,770.09
9.32,1.08585,1136.78
9.33,0.7457,1165.15
9.34,2.14379,969.89
9.35,2.01987,901.22
9.36,1.63212,881.91
9.37,1.1366,870.23
9.38,1.92116,803.71
9.39,0.80175,782.01
9.4,1.38516,829.94
9.41,0.27807,800.37
9.42,0.8815,817.78
9.43,0.89474,813.01
9.44,2.12927,844.96
9.45,1.13409,801.80
9.46,3.06201,777.01
9.47,3.49476,792.03
9.48,0.59767,842.09
9.49,-0.08493,808.95
9.5,0.57353,801.80
9.51,1.20044,807.05
9.52,0.54661,797.03
9.53,2.65963,792.98
9.54,1.35215,786.07
9.55,1.50496,766.04
9.56,1.10364,805.14
9.57,1.2033,847.82
9.58,1.88745,798.23
9.59,1.33116,837.33
9.6,-0.13378,779.15
9.61,1.74906,821.11
9.62,3.04426,798.94
9.63,0.14173,822.07
9.64,-1.42933,815.87
9.65,-1.67985,875.00
9.66,-0.74032,836.13
9.67,0.582,854.97
9.68,0.57981,822.78
9.69,2.18564,804.19
9.7,0.78723,780.82
9.71,0.58899,769.14
9.72,2.56,813.96
9.73,1.7451,841.86
9.74,2.03668,772.71
9.75,1.21061,872.14
9.76,1.5997,833.03
9.77,2.33779,838.04
9.78,-0.0886,768.90
9.79,-2.03887,804.19
9.8,-1.62112,792.98
9.81,-0.92114,816.82
9.82,0.44332,792.98
9.83,1.71981,831.13
9.84,-0.59863,807.76
9.85,-1.93718,804.90
9.86,-1.99161,809.19
9.87,0.17944,814.20
9.88,1.17835,787.02
9.89,1.3339,825.17
9.9,1.85132,794.17
9.91,0.68827,798.94
9.92,1.40371,760.08
9.93,0.66058,811.10
9.94,0.56699,787.97
9.95,2.5623,805.85
9.96,0.93117,854.73
9.97,1.00378,785.11
9.98,1.74356,793.93
9.99,0.32416,818.97
10.0,1.29644,825.17
10.01,-0.11916,797.99
