timestamp_s,pitch_degrees,control_latency_microseconds
0.0,0.2
0.01,0.50896,35.05
0.02,0.31202,4.77
0.03,0.30938,5.01
0.04,0.2284,3.10
0.05,0.07374,2.15
0.06,0.31027,1.91
0.07,0.35613,3.10
0.08,0.63332,2.15
0.09,-0.074,1.91
0.1,-0.16176,0.95
0.11,0.34088,0.95
0.12,0.3407,0.95
0.13,-0.29153,10.97
0.14,-0.04749,4.77
0.15,0.50999,1.91
0.16,-0.01196,2.15
0.17,-0.02078,3.10
0.18,0.40999,1.91
0.19,-0.79815,0.95
0.2,-0.62047,1.91
0.21,-1.28707,0.95
0.22,-0.90725,2.15
0.23,-1.45735,1.67
0.24,-0.87953,1.19
0.25,-0.65322,2.86
0.26,-1.16903,6.20
0.27,-0.98474,6.91
0.28,-0.32757,6.91
0.29,-1.0346,2.86
0.3,-1.34198,4.29
0.31,-1.05862,2.86
0.32,-0.19282,2.86
0.33,0.02113,2.15
0.34,-0.01607,2.15
0.35,-0.62773,2.15
0.36,-0.90891,1.91
0.37,-0.81425,1.67
0.38,-0.56726,1.91
0.39,-0.35471,3.10
0.4,0.32258,2.86
0.41,-0.14949,1.67
0.42,-0.48433,0.95
0.43,-0.24094,3.81
0.44,-0.08608,2.15
0.45,-0.61305,2.86
0.46,-0.37886,0.72
0.47,-0.22869,1.91
0.48,-0.34885,1.91
0.49,0.34715,1.91
0.5,-0.04268,1.91
0.51,0.34378,1.91
0.52,-0.30209,3.10
0.53,-0.50704,1.91
0.54,0.2475,2.15
0.55,-0.04263,1.91
0.56,-0.23144,8.11
0.57,-0.28184,4.05
0.58,-0.06103,5.25
0.59,-0.24807,15.02
0.6,0.43617,3.81
0.61,-0.09538,3.81
0.62,-0.16382,3.81
0.63,-0.38988,3.10
0.64,-0.18003,4.77
0.65,0.63598,2.86
0.66,0.41658,3.10
0.67,-0.0173,2.86
0.68,-0.05209,2.15
0.69,0.73073,1.91
0.7,0.37379,2.15
0.71,-0.10135,3.10
0.72,0.15843,0.95
0.73,0.1749,2.15
0.74,0.16407,0.95
0.75,-0.56834,2.15
0.76,0.37222,2.15
0.77,-0.28286,2.15
0.78,0.22296,2.15
0.79,-0.11945,0.95
0.8,0.05916,0.95
0.81,0.69094,3.10
0.82,0.10381,2.15
0.83,-0.17423,0.95
0.84,0.76641,1.91
0.85,-0.21716,6.91
0.86,-0.08454,9.06
0.87,-0.46531,6.91
0.88,0.40598,4.29
0.89,0.08375,3.81
0.9,0.25705,3.10
0.91,-0.8567,1.91
0.92,0.39517,3.10
0.93,-0.47345,2.86
0.94,-0.23056,2.15
0.95,-0.36054,1.91
0.96,0.48921,2.15
0.97,0.28032,1.91
0.98,0.10745,1.91
0.99,0.07859,1.19
1.0,0.01314,0.95
1.01,-0.17774,0.95
1.02,-0.00196,1.91
1.03,-0.65032,0.95
1.04,-0.67255,1.91
1.05,-0.43268,1.19
1.06,0.28953,1.91
1.07,-0.34225,1.19
1.08,0.65784,1.91
1.09,-0.2049,0.95
1.1,0.52105,2.15
1.11,0.18948,2.15
1.12,-0.76697,0.72
1.13,0.00226,0.95
1.14,0.0221,0.95
1.15,0.09423,2.15
1.16,-0.38518,0.95
1.17,0.20487,0.95
1.18,0.36131,0.95
1.19,0.15549,0.95
1.2,-0.41906,0.95
1.21,0.10177,0.95
1.22,-0.69592,1.91
1.23,0.21516,1.19
1.24,-0.05857,2.15
1.25,0.11264,1.91
1.26,-0.36102,0.95
1.27,0.5116,0.95
1.28,0.07452,1.91
1.29,0.36363,1.91
1.3,0.68857,0.95
1.31,-0.28898,3.10
1.32,0.22066,2.15
1.33,0.02193,2.15
1.34,0.09017,0.95
1.35,0.12088,2.15
1.36,0.52277,1.91
1.37,-0.12282,0.95
1.38,0.59692,2.15
1.39,-0.38376,2.15
1.4,-0.30613,1.91
1.41,-0.17659,1.91
1.42,-0.1786,1.91
1.43,-0.2897,2.15
1.44,-0.08856,2.15
1.45,0.43288,0.95
1.46,-0.28975,0.95
1.47,0.66841,1.91
1.48,0.23889,1.67
1.49,0.18229,0.95
1.5,0.25718,0.95
1.51,0.02516,0.95
1.52,-0.61428,2.15
1.53,-0.03861,0.95
1.54,-0.09412,1.91
1.55,-0.11069,0.95
1.56,-0.94383,1.19
1.57,-0.03243,0.95
1.58,-0.28191,0.95
1.59,-0.05331,1.19
1.6,-0.06661,1.91
1.61,-0.31056,0.95
1.62,0.08592,0.95
1.63,-0.31244,1.19
1.64,0.3607,2.15
1.65,0.0275,1.19
1.66,-0.23413,1.91
1.67,-0.54147,1.19
1.68,-0.31541,1.91
1.69,-0.0748,0.95
1.7,-0.05396,1.91
1.71,0.33169,1.19
1.72,-0.13869,0.95
1.73,0.61291,2.15
1.74,-0.05635,0.95
1.75,0.08937,3.81
1.76,0.51896,4.29
1.77,0.09935,3.10
1.78,-0.37787,2.86
1.79,0.13703,1.91
1.8,-0.05105,0.95
1.81,0.206,0.95
1.82,0.85433,2.15
1.83,0.70474,2.15
1.84,0.1912,0.95
1.85,0.32913,2.15
1.86,-0.74858,2.15
1.87,0.25146,2.15
1.88,0.29672,2.15
1.89,-0.36033,0.95
1.9,0.10212,0.95
1.91,0.0212,1.19
1.92,-0.03832,2.15
1.93,-0.13282,2.15
1.94,-0.41655,2.15
1.95,0.29431,0.95
1.96,0.14072,2.15
1.97,-0.22986,1.19
1.98,-0.23146,0.95
1.99,-0.53696,1.19
2.0,0.1312,2.15
2.01,-0.42624,2.15
2.02,-0.58165,0.95
2.03,-0.15391,0.95
2.04,0.23554,2.15
2.05,0.10378,0.95
2.06,-0.2888,0.95
2.07,0.24632,0.95
2.08,-0.01781,1.91
2.09,-0.1516,2.15
2.1,0.07964,2.15
2.11,0.14193,1.19
2.12,-0.51071,0.95
2.13,0.13636,0.95
2.14,-0.12355,1.19
2.15,0.24035,0.95
2.16,-0.28005,0.95
2.17,0.25961,0.95
2.18,0.29322,0.95
2.19,-0.1757,0.95
2.2,-0.40277,0.95
2.21,0.33294,0.95
2.22,0.30664,1.91
2.23,-0.63096,2.15
2.24,0.30793,1.19
2.25,-0.10053,1.91
2.26,-0.40443,1.67
2.27,-0.12149,1.91
2.28,-0.36558,0.95
2.29,-0.41583,0.95
2.3,-0.06439,1.19
2.31,0.55912,0.95
2.32,0.21727,3.81
2.33,-0.24234,1.91
2.34,-0.25781,1.67
2.35,0.43833,0.95
2.36,0.68576,1.91
2.37,-0.10709,0.95
2.38,-0.00332,2.15
2.39,-0.17858,6.91
2.4,0.02573,6.91
2.41,0.42375,5.01
2.42,0.0416,3.10
2.43,0.43195,3.10
2.44,-0.23769,5.72
2.45,-0.73441,2.15
2.46,-0.38269,1.91
2.47,-0.06987,2.86
2.48,0.21234,0.95
2.49,-0.38629,2.15
2.5,0.32909,1.91
2.51,-0.0958,1.19
2.52,0.10724,1.19
2.53,-0.07991,0.95
2.54,0.58234,3.10
2.55,-0.21839,3.10
2.56,0.47648,1.67
2.57,-0.29653,1.67
2.58,-0.03551,1.19
2.59,0.09827,0.95
2.6,0.2198,0.95
2.61,0.21221,0.95
2.62,0.17357,1.67
2.63,0.11995,0.95
2.64,-0.02716,1.19
2.65,-0.14363,1.91
2.66,-0.34794,2.15
2.67,0.40407,1.91
2.68,-0.1507,0.72
2.69,0.16933,0.95
2.7,-0.16226,1.19
2.71,-0.13738,2.15
2.72,-0.42333,0.95
2.73,0.17093,0.95
2.74,-0.00976,0.95
2.75,-0.03017,0.95
2.76,0.54858,0.95
2.77,-0.03186,0.72
2.78,0.03257,1.19
2.79,0.00346,2.15
2.8,0.00925,1.19
2.81,0.29234,0.95
2.82,-0.41199,1.91
2.83,-0.24452,2.15
2.84,0.19314,1.67
2.85,-0.11,2.15
2.86,-0.01873,2.15
2.87,0.73273,1.91
2.88,0.01392,1.19
2.89,0.32396,2.15
2.9,0.30227,5.72
2.91,-0.23259,1.19
2.92,-0.28703,2.15
2.93,0.41673,0.95
2.94,0.02472,1.91
2.95,-0.24886,0.95
2.96,0.25523,0.95
2.97,-0.55312,1.91
2.98,-0.14589,0.95
2.99,-0.35947,1.91
3.0,-0.17418,1.67
3.01,0.5083,0.95
3.02,-0.02071,0.95
3.03,0.36646,0.72
3.04,0.22048,1.67
3.05,0.15809,0.95
3.06,-0.69703,0.95
3.07,-0.16174,2.15
3.08,-0.2641,1.91
3.09,-0.15156,0.72
3.1,-0.22283,0.95
3.11,-0.02534,0.95
3.12,0.25047,0.95
3.13,0.67127,2.15
3.14,0.78611,0.72
3.15,0.17772,0.95
3.16,-0.04164,0.95
3.17,-0.48115,2.15
3.18,0.21323,0.95
3.19,-0.16672,2.15
3.2,0.06611,0.95
3.21,-0.6125,0.95
3.22,-0.53145,1.19
3.23,-0.46105,2.15
3.24,0.39129,1.91
3.25,-0.37099,1.19
3.26,-0.34096,1.91
3.27,-0.03158,2.15
3.28,0.4207,1.19
3.29,0.6342,1.19
3.3,0.23195,0.95
3.31,0.27251,2.15
3.32,0.08609,1.19
3.33,0.65346,2.15
3.34,-0.26602,2.15
3.35,0.67178,0.95
3.36,-0.50625,1.91
3.37,0.31074,0.95
3.38,-0.17421,1.19
3.39,0.27851,0.95
3.4,0.0741,1.19
3.41,-0.564,1.19
3.42,-0.11876,2.15
3.43,-0.40301,0.95
3.44,-0.58912,0.95
3.45,0.62257,1.91
3.46,-0.35584,0.72
3.47,0.2793,1.19
3.48,-0.53842,0.72
3.49,-0.17749,0.95
3.5,0.1284,0.95
3.51,-0.22941,0.95
3.52,-0.15927,1.19
3.53,-0.00134,0.95
3.54,0.12073,1.91
3.55,-0.02122,1.67
3.56,0.58164,1.91
3.57,0.32153,1.91
3.58,-0.18696,1.91
3.59,-0.3265,0.95
3.6,0.19297,1.19
3.61,-0.24535,1.19
3.62,-0.10143,0.95
3.63,0.00587,0.95
3.64,-0.3134,0.95
3.65,-0.12076,1.19
3.66,0.12696,1.91
3.67,-0.12566,0.72
3.68,-0.51021,1.91
3.69,0.13191,0.95
3.7,-0.09872,1.91
3.71,0.10649,0.95
3.72,0.11272,1.19
3.73,0.23561,0.72
3.74,0.8651,2.15
3.75,0.71518,1.19
3.76,-0.01192,2.15
3.77,0.42057,1.67
3.78,0.40624,2.15
3.79,-0.42005,0.95
3.8,0.21464,0.95
3.81,-0.39527,15.97
3.82,-0.1437,5.96
3.83,-0.45074,5.96
3.84,0.04838,3.81
3.85,0.29104,9.06
3.86,0.02921,9.78
3.87,-0.32302,3.10
3.88,0.36175,4.29
3.89,-0.59464,6.20
3.9,-0.05317,10.25
3.91,0.29084,6.91
3.92,0.40937,11.92
3.93,-0.64705,2.86
3.94,-0.34,3.10
3.95,0.45015,3.10
3.96,-0.40799,1.91
3.97,0.20743,2.15
3.98,0.04705,2.15
3.99,-0.56112,3.81
4.0,-0.37222,2.15
4.01,0.16259,1.91
4.02,0.17705,1.91
4.03,0.35441,0.72
4.04,-0.08499,1.19
4.05,0.53677,1.19
4.06,0.09187,0.95
4.07,0.78864,0.95
4.08,-0.33956,2.15
4.09,0.56783,0.95
4.1,-0.14675,1.19
4.11,0.51009,0.95
4.12,-0.4645,0.95
4.13,-0.22259,0.95
4.14,0.03807,1.91
4.15,0.44363,2.15
4.16,0.30818,3.81
4.17,-0.34595,0.95
4.18,0.02748,1.19
4.19,0.38608,0.95
4.2,0.11754,1.19
4.21,-0.12939,0.95
4.22,0.05153,0.95
4.23,0.39597,2.15
4.24,-0.01977,0.95
4.25,-0.19075,2.15
4.26,-0.21133,0.95
4.27,0.15765,0.95
4.28,-0.29205,1.19
4.29,-0.06247,7.15
4.3,0.15206,4.77
4.31,0.42692,5.01
4.32,-0.23491,3.10
4.33,0.67581,2.62
4.34,0.38398,7.87
4.35,0.29421,8.82
4.36,-0.05933,9.06
4.37,-0.34364,9.06
4.38,-0.3204,8.11
4.39,-0.43637,10.25
4.4,0.37917,8.34
4.41,-0.10329,9.78
4.42,0.34971,11.92
4.43,-0.13159,3.10
4.44,0.49834,3.10
4.45,0.01156,2.62
4.46,0.10105,1.91
4.47,-0.31217,5.01
4.48,-0.1317,2.15
4.49,-0.76433,6.91
4.5,0.32311,5.96
4.51,-0.38667,6.91
4.52,-0.48325,5.01
4.53,0.30486,3.10
4.54,-0.48939,7.39
4.55,-0.33296,7.87
4.56,-0.12985,1.19
4.57,0.49625,2.86
4.58,-0.25696,2.15
4.59,-0.28148,1.67
4.6,0.51143,1.91
4.61,0.42896,2.15
4.62,0.03427,3.10
4.63,0.43709,2.15
4.64,-0.02608,2.15
4.65,-0.30414,0.95
4.66,-0.06428,0.95
4.67,-0.19421,0.95
4.68,0.39205,1.67
4.69,0.24742,2.15
4.7,-0.4216,2.15
4.71,-0.00927,1.91
4.72,-0.33726,0.95
4.73,-0.38392,0.95
4.74,0.07429,2.15
4.75,-0.17269,0.95
4.76,0.26054,0.95
4.77,0.08277,0.95
4.78,-0.70604,1.91
4.79,-0.80231,1.91
4.8,-0.79898,0.95
4.81,-0.54472,1.91
4.82,-0.42073,2.15
4.83,0.60373,4.77
4.84,0.35519,4.77
4.85,0.30839,3.81
4.86,0.31928,5.96
4.87,0.42469,3.10
4.88,0.18508,4.77
4.89,0.18307,2.86
4.9,-0.20013,1.91
4.91,-0.02589,3.10
4.92,-0.70755,1.91
4.93,-0.33544,1.91
4.94,-0.32404,1.91
4.95,0.4017,1.91
4.96,0.27733,1.91
4.97,-0.24367,1.67
4.98,0.29084,0.95
4.99,0.12251,0.95
5.0,-0.62855,0.95
5.01,0.38525,1.19
5.02,-0.61648,1.91
5.03,-0.39061,1.91
5.04,0.47657,1.67
5.05,-0.11746,0.95
5.06,-0.38948,0.95
5.07,0.03178,0.95
5.08,-0.51408,0.95
5.09,-0.20172,0.95
5.1,-0.15224,0.95
5.11,-0.25322,0.95
5.12,-0.24504,1.91
5.13,-0.2092,2.15
5.14,-0.18568,1.91
5.15,-0.03457,2.15
5.16,0.818,0.95
5.17,0.62295,2.15
5.18,0.30118,0.95
5.19,-0.18364,0.95
5.2,0.01764,1.19
5.21,-0.06443,2.15
5.22,0.44619,0.95
5.23,0.58688,0.95
5.24,0.47907,1.19
5.25,0.13693,1.19
5.26,0.25854,0.95
5.27,-0.06081,0.95
5.28,0.29692,0.95
5.29,0.39708,2.15
5.3,-0.31685,0.95
5.31,0.06535,0.72
5.32,0.12905,2.15
5.33,-0.5086,0.95
5.34,-0.55852,1.91
5.35,0.13149,0.72
5.36,-0.56846,0.95
5.37,-0.09103,1.19
5.38,-0.15162,0.95
5.39,0.34937,1.19
5.4,-0.05774,1.19
5.41,0.30452,1.19
5.42,-0.4661,0.95
5.43,0.2698,2.15
5.44,0.24941,2.86
5.45,0.20659,0.95
5.46,-0.65833,1.91
5.47,0.39955,2.15
5.48,-0.48425,0.95
5.49,-0.53482,0.95
5.5,-0.24755,0.95
5.51,0.23884,2.15
5.52,0.05409,0.95
5.53,-0.46102,2.15
5.54,-0.09278,1.91
5.55,0.44651,2.15
5.56,0.09075,0.72
5.57,-0.01198,1.19
5.58,-0.35714,1.19
5.59,-0.10869,1.91
5.6,-0.26737,0.72
5.61,0.56816,1.19
5.62,-0.38461,0.72
5.63,-0.47647,1.91
5.64,-0.1672,1.19
5.65,-0.15917,1.91
5.66,-0.10269,1.91
5.67,0.15578,0.95
5.68,0.07671,1.91
5.69,-0.14136,2.15
5.7,0.38594,1.67
5.71,0.34684,2.15
5.72,0.31072,1.91
5.73,-0.17608,3.10
5.74,0.13755,2.15
5.75,-0.16724,0.95
5.76,-0.18217,2.15
5.77,0.07133,0.95
5.78,-0.16437,0.95
5.79,0.88738,0.95
5.8,-0.07168,0.95
5.81,0.43515,1.91
5.82,-0.04384,2.15
5.83,-0.48336,0.95
5.84,-0.29656,0.95
5.85,-0.29086,2.15
5.86,0.33869,1.19
5.87,-0.59485,2.15
5.88,0.16147,1.91
5.89,-0.76727,0.95
5.9,-0.31603,2.15
5.91,0.10779,0.95
5.92,0.56185,0.95
5.93,0.5754,2.15
5.94,0.23996,0.95
5.95,0.60368,0.95
5.96,-0.05975,0.72
5.97,-0.15004,2.15
5.98,0.03484,0.95
5.99,0.01916,0.95
6.0,0.00402,1.19
6.01,0.55962,0.95
6.02,-0.0124,1.91
6.03,-0.56934,2.15
6.04,0.06876,4.77
6.05,-0.16756,1.91
6.06,0.3163,0.72
6.07,-0.38168,0.95
6.08,-0.30901,1.91
6.09,0.14116,0.95
6.1,0.2564,0.95
6.11,-0.4733,2.15
6.12,0.36084,0.95
6.13,-0.00146,1.91
6.14,-0.16739,0.95
6.15,0.05701,4.77
6.16,-0.12194,0.95
6.17,-0.59585,2.15
6.18,-0.35272,0.95
6.19,0.32452,0.95
6.2,0.25625,1.19
6.21,-0.41507,1.91
6.22,-0.21383,1.19
6.23,0.00125,1.67
6.24,-0.4581,6.91
6.25,0.32362,6.91
6.26,0.38998,4.05
6.27,0.13463,3.10
6.28,0.30891,2.15
6.29,0.25324,1.91
6.3,0.12567,2.86
6.31,0.18522,2.15
6.32,0.52914,1.67
6.33,-0.40606,1.91
6.34,0.47736,1.91
6.35,-0.17575,2.15
6.36,-0.00915,1.91
6.37,0.11571,2.15
6.38,-0.19708,1.19
6.39,-0.42504,1.67
6.4,-0.4047,0.72
6.41,-0.16249,0.95
6.42,-0.26272,0.95
6.43,0.07589,2.15
6.44,-0.05955,1.91
6.45,-0.21433,0.95
6.46,0.51468,0.95
6.47,-0.40408,0.95
6.48,-0.31722,0.95
6.49,0.15183,1.91
6.5,-0.37611,2.15
6.51,0.11122,2.15
6.52,-0.51535,0.95
6.53,0.50261,0.95
6.54,-0.2669,1.91
6.55,0.22549,1.19
6.56,0.13586,0.95
6.57,0.50217,1.91
6.58,0.06993,5.96
6.59,0.15182,1.91
6.6,-0.31215,2.15
6.61,0.61911,1.91
6.62,-0.14189,1.67
6.63,0.23945,0.95
6.64,-0.27049,0.95
6.65,0.34681,0.95
6.66,0.23838,5.72
6.67,-0.13682,1.91
6.68,0.20083,2.86
6.69,-0.56148,1.91
6.7,-0.22702,1.91
6.71,0.38061,1.91
6.72,-0.24645,2.15
6.73,0.19048,1.91
6.74,0.07849,6.20
6.75,-0.45037,0.95
6.76,-0.47398,1.91
6.77,-0.39569,0.95
6.78,-0.31301,0.95
6.79,0.48873,1.91
6.8,-0.12907,2.15
6.81,0.00843,2.15
6.82,0.09161,1.67
6.83,-0.09087,1.91
6.84,0.71613,1.19
6.85,-0.11823,0.95
6.86,0.12776,1.91
6.87,0.16432,0.95
6.88,0.35937,0.95
6.89,-0.48772,2.15
6.9,0.15276,0.95
6.91,-0.39017,1.91
6.92,0.13667,1.91
6.93,0.16484,1.19
6.94,0.21673,1.91
6.95,-0.37704,1.67
6.96,-0.29821,1.19
6.97,0.50734,0.72
6.98,0.09206,1.91
6.99,-0.32609,2.15
7.0,-0.39622,0.95
7.01,0.25792,1.91
7.02,-0.13032,0.95
7.03,-0.06894,1.91
7.04,0.60532,1.91
7.05,0.36751,1.91
7.06,0.50818,0.95
7.07,0.3749,1.19
7.08,0.063,0.72
7.09,-0.5895,2.15
7.1,-0.17671,0.95
7.11,-0.03501,0.95
7.12,-0.61341,0.95
7.13,0.17089,2.15
7.14,0.1571,1.91
7.15,-0.49008,1.91
7.16,-0.31949,0.95
7.17,-0.25706,1.91
7.18,0.22509,1.67
7.19,-0.08305,1.91
7.2,-0.22881,2.15
7.21,-0.19387,2.15
7.22,-0.2216,3.10
7.23,-0.33495,1.91
7.24,-0.68222,3.81
7.25,-0.39273,2.15
7.26,0.41773,3.10
7.27,0.28505,1.19
7.28,-0.10413,1.19
7.29,0.18092,0.95
7.3,0.59671,1.91
7.31,0.16448,2.15
7.32,0.08681,2.15
7.33,-0.16394,1.91
7.34,0.34079,1.91
7.35,0.11507,1.19
7.36,0.47733,0.95
7.37,-0.56461,0.95
7.38,-0.0507,1.91
7.39,0.28267,2.15
7.4,-0.57023,1.19
7.41,0.04014,1.91
7.42,0.15559,0.95
7.43,0.05034,2.15
7.44,0.16424,4.05
7.45,-0.376,1.19
7.46,0.33415,2.15
7.47,0.35766,1.19
7.48,0.13162,0.95
7.49,-0.17557,0.95
7.5,-0.22662,0.95
7.51,0.25548,0.95
7.52,-0.50867,2.15
7.53,-0.13102,0.95
7.54,0.01207,1.91
7.55,-0.16895,2.15
7.56,0.57051,2.15
7.57,-0.62888,0.95
7.58,-0.49334,1.19
7.59,0.55197,0.95
7.6,0.20321,0.95
7.61,-0.37847,0.95
7.62,0.59772,2.15
7.63,-0.35106,0.95
7.64,0.33684,2.15
7.65,0.36079,0.95
7.66,-0.59482,1.91
7.67,0.46278,1.19
7.68,-0.09645,0.72
7.69,-0.40258,0.95
7.7,-0.53,0.95
7.71,-0.40546,1.91
7.72,-0.31151,1.19
7.73,0.31355,1.91
7.74,-0.17079,5.25
7.75,-0.05468,1.91
7.76,-0.04014,2.15
7.77,0.22052,3.10
7.78,0.56937,1.91
7.79,-0.20499,1.19
7.8,0.50921,1.19
7.81,0.40569,1.91
7.82,-0.13865,3.10
7.83,0.29546,1.67
7.84,-0.43229,0.72
7.85,-0.08963,1.91
7.86,-0.30483,0.95
7.87,0.33631,0.95
7.88,-0.15971,0.95
7.89,0.17697,0.95
7.9,-0.05765,2.15
7.91,0.07182,0.95
7.92,0.36485,1.91
7.93,0.16385,1.19
7.94,-0.39106,1.19
7.95,0.1024,1.19
7.96,0.11829,1.67
7.97,0.30911,1.19
7.98,-0.55239,0.95
7.99,-0.20117,1.91
8.0,-0.34905,1.91
8.01,-0.04864,1.19
8.02,0.03991,0.72
8.03,0.17424,1.19
8.04,0.0214,1.91
8.05,0.69855,1.67
8.06,0.2426,0.95
8.07,0.26835,1.19
8.08,0.44904,2.15
8.09,0.23193,2.15
8.1,-0.61002,5.25
8.11,0.12276,1.91
8.12,0.4385,0.95
8.13,0.20423,0.95
8.14,-0.0053,0.95
8.15,0.23382,1.91
8.16,0.15411,0.72
8.17,-0.09122,0.95
8.18,-0.24314,1.19
8.19,0.06574,1.91
8.2,-0.75364,1.91
8.21,-0.25093,13.11
8.22,-0.36846,23.13
8.23,-0.11734,6.91
8.24,0.23145,5.01
8.25,0.30486,3.10
8.26,0.30348,2.15
8.27,-0.49064,3.10
8.28,-0.3584,2.15
8.29,-0.07662,0.95
8.3,0.03243,3.10
8.31,0.00043,1.91
8.32,-0.4506,1.91
8.33,0.35477,1.19
8.34,-0.07598,2.15
8.35,0.43407,0.95
8.36,0.24953,1.19
8.37,-0.14625,1.19
8.38,-0.08441,0.95
8.39,-0.59122,0.95
8.4,-0.36136,2.15
8.41,0.56233,0.95
8.42,-0.18424,2.15
8.43,0.3213,2.15
8.44,-0.0171,1.91
8.45,-0.6903,1.19
8.46,-0.04859,2.15
8.47,-0.40949,2.15
8.48,-0.34619,2.15
8.49,0.63325,1.19
8.5,0.45964,0.95
8.51,0.36083,1.91
8.52,0.66845,0.95
8.53,0.32117,0.72
8.54,-0.51454,1.91
8.55,0.12727,1.91
8.56,-0.29118,2.15
8.57,-0.18717,0.95
8.58,-0.3406,0.95
8.59,0.4761,1.19
8.6,0.16219,0.95
8.61,-0.2199,1.19
8.62,-0.28254,1.19
8.63,0.30168,2.15
8.64,-0.08974,1.19
8.65,-0.00683,0.95
8.66,-0.16136,0.95
8.67,0.37139,2.15
8.68,0.25576,2.15
8.69,-0.44034,1.19
8.7,-0.26041,1.19
8.71,0.14452,3.10
8.72,0.27159,0.72
8.73,0.00148,1.19
8.74,0.3046,1.19
8.75,-0.33865,1.91
8.76,-0.31779,1.91
8.77,0.37332,2.15
8.78,-0.00767,3.10
8.79,0.38713,2.15
8.8,-0.11704,1.91
8.81,-0.10732,1.91
8.82,-0.26897,2.15
8.83,-0.18937,1.91
8.84,0.02708,0.95
8.85,0.23502,0.95
8.86,-0.46005,1.67
8.87,-0.04787,1.19
8.88,-0.24891,0.95
8.89,-0.26807,1.91
8.9,0.55704,0.95
8.91,0.14039,2.15
8.92,0.2844,2.15
8.93,0.32372,0.95
8.94,-0.01071,1.91
8.95,-0.37499,0.95
8.96,-0.24635,0.95
8.97,-0.29383,1.19
8.98,0.18751,0.95
8.99,0.16671,1.91
9.0,0.03156,0.72
9.01,-0.26463,0.95
9.02,0.14184,0.95
9.03,-0.51993,1.91
9.04,0.26127,0.95
9.05,0.31684,1.19
9.06,-0.03909,0.95
9.07,-0.10027,0.95
9.08,0.20353,0.95
9.09,0.09944,0.95
9.1,0.34772,1.19
9.11,0.10343,1.67
9.12,0.37039,2.15
9.13,0.00396,1.91
9.14,-0.46822,1.91
9.15,-0.47103,2.15
9.16,-0.18362,1.91
9.17,-0.0957,0.95
9.18,0.26151,0.95
9.19,-0.34773,1.91
9.2,0.68108,0.95
9.21,-0.35549,0.95
9.22,-0.33388,1.91
9.23,-0.33579,1.19
9.24,0.33507,1.67
9.25,-0.19327,1.91
9.26,0.07497,1.91
9.27,0.51078,1.91
9.28,-0.17468,1.91
9.29,0.77991,0.95
9.3,0.5761,2.15
9.31,-0.17393,1.91
9.32,0.32385,1.91
9.33,-0.42841,2.15
9.34,0.02157,0.95
9.35,-0.05516,2.15
9.36,0.3699,1.91
9.37,-0.33052,0.95
9.38,-0.44842,0.95
9.39,0.05334,0.72
9.4,-0.0669,2.15
9.41,-0.09671,0.95
9.42,0.60759,0.95
9.43,0.38623,0.95
9.44,-0.6136,1.91
9.45,0.05702,2.15
9.46,-0.03809,2.15
9.47,-0.20259,0.95
9.48,0.31509,2.15
9.49,-0.07119,2.15
9.5,-0.2639,1.19
9.51,-0.27448,0.95
9.52,0.25324,1.19
9.53,-0.25149,5.72
9.54,0.24949,0.95
9.55,-0.14157,2.15
9.56,-0.29668,0.95
9.57,0.42997,0.95
9.58,-0.08633,1.19
9.59,0.02069,1.91
9.6,0.2196,0.95
9.61,0.08217,0.95
9.62,-0.03006,2.15
9.63,0.08486,1.67
9.64,-0.17396,0.95
9.65,-0.01189,0.95
9.66,-0.08619,1.91
9.67,0.61407,0.95
9.68,0.22307,1.19
9.69,0.26499,1.19
9.7,-0.14489,0.72
9.71,0.20413,1.19
9.72,-0.07087,0.95
9.73,-0.92483,0.95
9.74,-0.3806,0.95
9.75,0.13449,2.15
9.76,-0.34825,0.95
9.77,-0.59937,0.95
9.78,-0.05829,1.19
9.79,-0.13143,1.91
9.8,0.24115,0.95
9.81,-0.34023,1.19
9.82,-0.11641,2.15
9.83,0.33886,0.95
9.84,0.01408,1.19
9.85,0.37085,0.95
9.86,-0.25864,0.95
9.87,0.28117,0.95
9.88,0.19992,0.95
9.89,-0.58582,0.95
9.9,0.00664,1.19
9.91,0.42351,0.95
9.92,0.01004,0.95
9.93,-0.30332,0.95
9.94,-0.12331,2.15
9.95,0.15476,0.95
9.96,0.29137,0.95
9.97,0.46837,1.19
9.98,0.1341,0.95
9.99,7e-05,1.91
10.0,0.6858,1.91
10.01,0.60412,1.91
